---------------------------------------------------------------
[ 2019-06-23T14:11:43+08:00 ] 0.0.0.0 GET localhost:8088/
[运行时间：6.015722s] [吞吐率：0.17req/s] [内存消耗：3,434.33kb] [文件加载：124]
[ info ] [ BEHAVIOR ] Run Closure @app_init [ RunTime:0.161806s ]
[ info ] [ CACHE ] INIT File
[ info ] [ BEHAVIOR ] Run Closure @app_init [ RunTime:0.359581s ]
[ info ] [ LANG ] D:\wamp64\xungeng\thinkphp\lang\zh-cn.php
[ info ] [ ROUTE ] array (
  'type' => 'module',
  'module' => 
  array (
    0 => '',
    1 => NULL,
    2 => NULL,
  ),
)
[ info ] [ HEADER ] array (
  'host' => 'localhost:8088',
  'connection' => 'keep-alive',
  'upgrade-insecure-requests' => '1',
  'user-agent' => 'Mozilla/5.0 (Windows NT 10.0; WOW64) AppleWebKit/537.36 (KHTML, like Gecko) Chrome/67.0.3396.99 Safari/537.36',
  'accept' => 'text/html,application/xhtml+xml,application/xml;q=0.9,image/webp,image/apng,*/*;q=0.8',
  'accept-encoding' => 'gzip, deflate, br',
  'accept-language' => 'zh-CN,zh;q=0.9',
  'cookie' => 'Hm_lvt_f8d0a8c400404989e195270b0bbf060a=1559105590,1559464694,1560390167,1560680234; PHPSESSID=mo5jds0nfj1garp4phv7g0phs0; Hm_lpvt_f8d0a8c400404989e195270b0bbf060a=1560735794',
)
[ info ] [ PARAM ] array (
)
[ info ] [ LANG ] D:\wamp64\xungeng\public/../application/index\lang\zh-cn.php
[ info ] [ BEHAVIOR ] Run app\common\behavior\Common @module_init [ RunTime:0.245841s ]
[ info ] [ LANG ] D:\wamp64\xungeng\public/../application/index/lang/zh-cn/index.php
[ info ] [ RUN ] app\index\controller\Index->index[ D:\wamp64\xungeng\application\index\controller\Index.php ]
[ info ] [ VIEW ] D:\wamp64\xungeng\public/../application/index\view\index\index.html [ array (
  0 => 'user',
  1 => 'site',
  2 => 'config',
) ]
[ info ] [ LOG ] INIT File
---------------------------------------------------------------
[ 2019-06-23T14:11:43+08:00 ] 0.0.0.0 GET localhost:8088/
[运行时间：2.784334s] [吞吐率：0.36req/s] [内存消耗：3,434.33kb] [文件加载：124]
[ info ] [ BEHAVIOR ] Run Closure @app_init [ RunTime:0.074168s ]
[ info ] [ CACHE ] INIT File
[ info ] [ BEHAVIOR ] Run Closure @app_init [ RunTime:0.026194s ]
[ info ] [ LANG ] D:\wamp64\xungeng\thinkphp\lang\zh-cn.php
[ info ] [ ROUTE ] array (
  'type' => 'module',
  'module' => 
  array (
    0 => '',
    1 => NULL,
    2 => NULL,
  ),
)
[ info ] [ HEADER ] array (
  'host' => 'localhost:8088',
  'connection' => 'keep-alive',
  'upgrade-insecure-requests' => '1',
  'user-agent' => 'Mozilla/5.0 (Windows NT 10.0; WOW64) AppleWebKit/537.36 (KHTML, like Gecko) Chrome/67.0.3396.99 Safari/537.36',
  'accept' => 'text/html,application/xhtml+xml,application/xml;q=0.9,image/webp,image/apng,*/*;q=0.8',
  'accept-encoding' => 'gzip, deflate, br',
  'accept-language' => 'zh-CN,zh;q=0.9',
  'cookie' => 'Hm_lvt_f8d0a8c400404989e195270b0bbf060a=1559105590,1559464694,1560390167,1560680234; PHPSESSID=mo5jds0nfj1garp4phv7g0phs0; Hm_lpvt_f8d0a8c400404989e195270b0bbf060a=1560735794',
)
[ info ] [ PARAM ] array (
)
[ info ] [ LANG ] D:\wamp64\xungeng\public/../application/index\lang\zh-cn.php
[ info ] [ BEHAVIOR ] Run app\common\behavior\Common @module_init [ RunTime:0.267461s ]
[ info ] [ LANG ] D:\wamp64\xungeng\public/../application/index/lang/zh-cn/index.php
[ info ] [ RUN ] app\index\controller\Index->index[ D:\wamp64\xungeng\application\index\controller\Index.php ]
[ info ] [ VIEW ] D:\wamp64\xungeng\public/../application/index\view\index\index.html [ array (
  0 => 'user',
  1 => 'site',
  2 => 'config',
) ]
[ info ] [ LOG ] INIT File
---------------------------------------------------------------
[ 2019-06-23T14:11:47+08:00 ] 0.0.0.0 GET localhost:8088/favicon.ico
[运行时间：1.272421s] [吞吐率：0.79req/s] [内存消耗：2,227.44kb] [文件加载：107]
[ info ] [ BEHAVIOR ] Run Closure @app_init [ RunTime:0.013788s ]
[ info ] [ CACHE ] INIT File
[ info ] [ BEHAVIOR ] Run Closure @app_init [ RunTime:0.003732s ]
[ info ] [ LANG ] D:\wamp64\xungeng\thinkphp\lang\zh-cn.php
[ info ] [ ROUTE ] array (
  'type' => 'module',
  'module' => 
  array (
    0 => 'favicon.ico',
    1 => NULL,
    2 => NULL,
  ),
)
[ info ] [ HEADER ] array (
  'host' => 'localhost:8088',
  'connection' => 'keep-alive',
  'user-agent' => 'Mozilla/5.0 (Windows NT 10.0; WOW64) AppleWebKit/537.36 (KHTML, like Gecko) Chrome/67.0.3396.99 Safari/537.36',
  'accept' => 'image/webp,image/apng,image/*,*/*;q=0.8',
  'referer' => 'http://localhost:8088/',
  'accept-encoding' => 'gzip, deflate, br',
  'accept-language' => 'zh-CN,zh;q=0.9',
  'cookie' => 'Hm_lvt_f8d0a8c400404989e195270b0bbf060a=1559105590,1559464694,1560390167,1560680234; PHPSESSID=mo5jds0nfj1garp4phv7g0phs0; Hm_lpvt_f8d0a8c400404989e195270b0bbf060a=1561270306',
)
[ info ] [ PARAM ] array (
)
[ info ] [ LOG ] INIT File
---------------------------------------------------------------
[ 2019-06-23T14:13:28+08:00 ] 0.0.0.0 GET localhost:8088/admin/index/login.html
[运行时间：0.459655s] [吞吐率：2.18req/s] [内存消耗：3,704.71kb] [文件加载：130]
[ info ] [ BEHAVIOR ] Run Closure @app_init [ RunTime:0.000040s ]
[ info ] [ CACHE ] INIT File
[ info ] [ BEHAVIOR ] Run Closure @app_init [ RunTime:0.002984s ]
[ info ] [ LANG ] D:\wamp64\xungeng\thinkphp\lang\zh-cn.php
[ info ] [ ROUTE ] array (
  'type' => 'module',
  'module' => 
  array (
    0 => 'admin',
    1 => 'index',
    2 => 'login',
  ),
)
[ info ] [ HEADER ] array (
  'host' => 'localhost:8088',
  'connection' => 'keep-alive',
  'upgrade-insecure-requests' => '1',
  'user-agent' => 'Mozilla/5.0 (Windows NT 10.0; WOW64) AppleWebKit/537.36 (KHTML, like Gecko) Chrome/67.0.3396.99 Safari/537.36',
  'accept' => 'text/html,application/xhtml+xml,application/xml;q=0.9,image/webp,image/apng,*/*;q=0.8',
  'referer' => 'http://localhost:8088/',
  'accept-encoding' => 'gzip, deflate, br',
  'accept-language' => 'zh-CN,zh;q=0.9',
  'cookie' => 'Hm_lvt_f8d0a8c400404989e195270b0bbf060a=1559105590,1559464694,1560390167,1560680234; PHPSESSID=mo5jds0nfj1garp4phv7g0phs0; Hm_lpvt_f8d0a8c400404989e195270b0bbf060a=1561270306',
)
[ info ] [ PARAM ] array (
)
[ info ] [ LANG ] D:\wamp64\xungeng\public/../application/admin\lang\zh-cn.php
[ info ] [ BEHAVIOR ] Run app\common\behavior\Common @module_init [ RunTime:0.003543s ]
[ info ] [ SESSION ] INIT array (
  'id' => '',
  'var_session_id' => '',
  'prefix' => 'think',
  'type' => '',
  'auto_start' => true,
)
[ info ] [ LANG ] D:\wamp64\xungeng\public/../application/admin/lang/zh-cn/index.php
[ info ] [ RUN ] app\admin\controller\Index->login[ D:\wamp64\xungeng\application\admin\controller\Index.php ]
[ info ] [ VIEW ] D:\wamp64\xungeng\public/../application/common\view\tpl\dispatch_jump.tpl [ array (
  0 => 'breadcrumb',
  1 => 'site',
  2 => 'config',
  3 => 'auth',
  4 => 'admin',
  5 => 'code',
  6 => 'msg',
  7 => 'data',
  8 => 'url',
  9 => 'wait',
) ]
[ info ] [ BEHAVIOR ] Run app\admin\behavior\AdminLog @app_end [ RunTime:0.000942s ]
[ info ] [ LOG ] INIT File
---------------------------------------------------------------
[ 2019-06-23T14:13:37+08:00 ] 0.0.0.0 GET localhost:8088/admin/index/index
[运行时间：6.650531s] [吞吐率：0.15req/s] [内存消耗：4,918.18kb] [文件加载：147]
[ info ] [ BEHAVIOR ] Run Closure @app_init [ RunTime:0.000031s ]
[ info ] [ CACHE ] INIT File
[ info ] [ BEHAVIOR ] Run Closure @app_init [ RunTime:0.003048s ]
[ info ] [ LANG ] D:\wamp64\xungeng\thinkphp\lang\zh-cn.php
[ info ] [ ROUTE ] array (
  'type' => 'module',
  'module' => 
  array (
    0 => 'admin',
    1 => 'index',
    2 => 'index',
  ),
)
[ info ] [ HEADER ] array (
  'host' => 'localhost:8088',
  'connection' => 'keep-alive',
  'upgrade-insecure-requests' => '1',
  'user-agent' => 'Mozilla/5.0 (Windows NT 10.0; WOW64) AppleWebKit/537.36 (KHTML, like Gecko) Chrome/67.0.3396.99 Safari/537.36',
  'accept' => 'text/html,application/xhtml+xml,application/xml;q=0.9,image/webp,image/apng,*/*;q=0.8',
  'referer' => 'http://localhost:8088/admin/index/login.html',
  'accept-encoding' => 'gzip, deflate, br',
  'accept-language' => 'zh-CN,zh;q=0.9',
  'cookie' => 'Hm_lvt_f8d0a8c400404989e195270b0bbf060a=1559105590,1559464694,1560390167,1560680234; PHPSESSID=mo5jds0nfj1garp4phv7g0phs0; Hm_lpvt_f8d0a8c400404989e195270b0bbf060a=1561270306',
)
[ info ] [ PARAM ] array (
)
[ info ] [ LANG ] D:\wamp64\xungeng\public/../application/admin\lang\zh-cn.php
[ info ] [ BEHAVIOR ] Run app\common\behavior\Common @module_init [ RunTime:0.002647s ]
[ info ] [ SESSION ] INIT array (
  'id' => '',
  'var_session_id' => '',
  'prefix' => 'think',
  'type' => '',
  'auto_start' => true,
)
[ info ] [ LANG ] D:\wamp64\xungeng\public/../application/admin/lang/zh-cn/index.php
[ info ] [ RUN ] app\admin\controller\Index->index[ D:\wamp64\xungeng\application\admin\controller\Index.php ]
[ info ] [ DB ] INIT mysql
[ info ] [ VIEW ] D:\wamp64\xungeng\public/../application/admin\view\index\index.html [ array (
  0 => 'breadcrumb',
  1 => 'site',
  2 => 'config',
  3 => 'auth',
  4 => 'admin',
  5 => 'menulist',
  6 => 'navlist',
  7 => 'fixedmenu',
  8 => 'referermenu',
  9 => 'title',
) ]
[ info ] [ BEHAVIOR ] Run app\admin\behavior\AdminLog @app_end [ RunTime:0.000467s ]
[ info ] [ LOG ] INIT File
[ sql ] [ DB ] CONNECT:[ UseTime:2.158170s ] mysql:host=127.0.0.1;port=3308;dbname=fastadmin;charset=utf8
[ sql ] [ SQL ] SHOW COLUMNS FROM `fa_auth_group_access` [ RunTime:2.945411s ]
[ sql ] [ SQL ] SELECT `aga`.`uid`,`aga`.`group_id`,`ag`.`id`,`ag`.`pid`,`ag`.`name`,`ag`.`rules` FROM `fa_auth_group_access` `aga` LEFT JOIN `fa_auth_group` `ag` ON `aga`.`group_id`=`ag`.`id` WHERE  (  aga.uid='1' and ag.status='normal' ) [ RunTime:0.548425s ]
[ sql ] [ SQL ] SHOW COLUMNS FROM `fa_auth_rule` [ RunTime:0.080019s ]
[ sql ] [ SQL ] SELECT `id`,`pid`,`condition`,`icon`,`name`,`title`,`ismenu` FROM `fa_auth_rule` WHERE  `status` = 'normal' [ RunTime:0.031326s ]
---------------------------------------------------------------
[ 2019-06-23T14:13:38+08:00 ] 0.0.0.0 GET localhost:8088/admin/index/index
[运行时间：6.021183s] [吞吐率：0.17req/s] [内存消耗：4,918.18kb] [文件加载：147]
[ info ] [ BEHAVIOR ] Run Closure @app_init [ RunTime:0.000105s ]
[ info ] [ CACHE ] INIT File
[ info ] [ BEHAVIOR ] Run Closure @app_init [ RunTime:0.056512s ]
[ info ] [ LANG ] D:\wamp64\xungeng\thinkphp\lang\zh-cn.php
[ info ] [ ROUTE ] array (
  'type' => 'module',
  'module' => 
  array (
    0 => 'admin',
    1 => 'index',
    2 => 'index',
  ),
)
[ info ] [ HEADER ] array (
  'host' => 'localhost:8088',
  'connection' => 'keep-alive',
  'upgrade-insecure-requests' => '1',
  'user-agent' => 'Mozilla/5.0 (Windows NT 10.0; WOW64) AppleWebKit/537.36 (KHTML, like Gecko) Chrome/67.0.3396.99 Safari/537.36',
  'accept' => 'text/html,application/xhtml+xml,application/xml;q=0.9,image/webp,image/apng,*/*;q=0.8',
  'referer' => 'http://localhost:8088/admin/index/login.html',
  'accept-encoding' => 'gzip, deflate, br',
  'accept-language' => 'zh-CN,zh;q=0.9',
  'cookie' => 'Hm_lvt_f8d0a8c400404989e195270b0bbf060a=1559105590,1559464694,1560390167,1560680234; PHPSESSID=mo5jds0nfj1garp4phv7g0phs0; Hm_lpvt_f8d0a8c400404989e195270b0bbf060a=1561270306',
)
[ info ] [ PARAM ] array (
)
[ info ] [ LANG ] D:\wamp64\xungeng\public/../application/admin\lang\zh-cn.php
[ info ] [ BEHAVIOR ] Run app\common\behavior\Common @module_init [ RunTime:0.010670s ]
[ info ] [ SESSION ] INIT array (
  'id' => '',
  'var_session_id' => '',
  'prefix' => 'think',
  'type' => '',
  'auto_start' => true,
)
[ info ] [ LANG ] D:\wamp64\xungeng\public/../application/admin/lang/zh-cn/index.php
[ info ] [ RUN ] app\admin\controller\Index->index[ D:\wamp64\xungeng\application\admin\controller\Index.php ]
[ info ] [ DB ] INIT mysql
[ info ] [ VIEW ] D:\wamp64\xungeng\public/../application/admin\view\index\index.html [ array (
  0 => 'breadcrumb',
  1 => 'site',
  2 => 'config',
  3 => 'auth',
  4 => 'admin',
  5 => 'menulist',
  6 => 'navlist',
  7 => 'fixedmenu',
  8 => 'referermenu',
  9 => 'title',
) ]
[ info ] [ BEHAVIOR ] Run app\admin\behavior\AdminLog @app_end [ RunTime:0.001459s ]
[ info ] [ LOG ] INIT File
[ sql ] [ DB ] CONNECT:[ UseTime:0.001946s ] mysql:host=127.0.0.1;port=3308;dbname=fastadmin;charset=utf8
[ sql ] [ SQL ] SHOW COLUMNS FROM `fa_auth_group_access` [ RunTime:0.001731s ]
[ sql ] [ SQL ] SELECT `aga`.`uid`,`aga`.`group_id`,`ag`.`id`,`ag`.`pid`,`ag`.`name`,`ag`.`rules` FROM `fa_auth_group_access` `aga` LEFT JOIN `fa_auth_group` `ag` ON `aga`.`group_id`=`ag`.`id` WHERE  (  aga.uid='1' and ag.status='normal' ) [ RunTime:0.016918s ]
[ sql ] [ SQL ] SHOW COLUMNS FROM `fa_auth_rule` [ RunTime:0.007327s ]
[ sql ] [ SQL ] SELECT `id`,`pid`,`condition`,`icon`,`name`,`title`,`ismenu` FROM `fa_auth_rule` WHERE  `status` = 'normal' [ RunTime:0.008238s ]
---------------------------------------------------------------
[ 2019-06-23T14:13:40+08:00 ] 0.0.0.0 GET localhost:8088/admin/dashboard?addtabs=1
[运行时间：0.646818s] [吞吐率：1.55req/s] [内存消耗：4,711.49kb] [文件加载：137]
[ info ] [ BEHAVIOR ] Run Closure @app_init [ RunTime:0.000032s ]
[ info ] [ CACHE ] INIT File
[ info ] [ BEHAVIOR ] Run Closure @app_init [ RunTime:0.004622s ]
[ info ] [ LANG ] D:\wamp64\xungeng\thinkphp\lang\zh-cn.php
[ info ] [ ROUTE ] array (
  'type' => 'module',
  'module' => 
  array (
    0 => 'admin',
    1 => 'dashboard',
    2 => NULL,
  ),
)
[ info ] [ HEADER ] array (
  'host' => 'localhost:8088',
  'connection' => 'keep-alive',
  'upgrade-insecure-requests' => '1',
  'user-agent' => 'Mozilla/5.0 (Windows NT 10.0; WOW64) AppleWebKit/537.36 (KHTML, like Gecko) Chrome/67.0.3396.99 Safari/537.36',
  'accept' => 'text/html,application/xhtml+xml,application/xml;q=0.9,image/webp,image/apng,*/*;q=0.8',
  'referer' => 'http://localhost:8088/admin/index/index',
  'accept-encoding' => 'gzip, deflate, br',
  'accept-language' => 'zh-CN,zh;q=0.9',
  'cookie' => 'Hm_lvt_f8d0a8c400404989e195270b0bbf060a=1559105590,1559464694,1560390167,1560680234; PHPSESSID=mo5jds0nfj1garp4phv7g0phs0; Hm_lpvt_f8d0a8c400404989e195270b0bbf060a=1561270306',
)
[ info ] [ PARAM ] array (
  'addtabs' => '1',
)
[ info ] [ LANG ] D:\wamp64\xungeng\public/../application/admin\lang\zh-cn.php
[ info ] [ BEHAVIOR ] Run app\common\behavior\Common @module_init [ RunTime:0.004008s ]
[ info ] [ SESSION ] INIT array (
  'id' => '',
  'var_session_id' => '',
  'prefix' => 'think',
  'type' => '',
  'auto_start' => true,
)
[ info ] [ DB ] INIT mysql
[ info ] [ LANG ] D:\wamp64\xungeng\public/../application/admin/lang/zh-cn/dashboard.php
[ info ] [ RUN ] app\admin\controller\Dashboard->index[ D:\wamp64\xungeng\application\admin\controller\Dashboard.php ]
[ info ] [ VIEW ] D:\wamp64\xungeng\public/../application/admin\view\dashboard\index.html [ array (
  0 => 'breadcrumb',
  1 => 'site',
  2 => 'config',
  3 => 'auth',
  4 => 'admin',
  5 => 'totaluser',
  6 => 'totalviews',
  7 => 'totalorder',
  8 => 'totalorderamount',
  9 => 'todayuserlogin',
  10 => 'todayusersignup',
  11 => 'todayorder',
  12 => 'unsettleorder',
  13 => 'sevendnu',
  14 => 'sevendau',
  15 => 'paylist',
  16 => 'createlist',
  17 => 'addonversion',
  18 => 'uploadmode',
) ]
[ info ] [ BEHAVIOR ] Run app\admin\behavior\AdminLog @app_end [ RunTime:0.000481s ]
[ info ] [ LOG ] INIT File
[ sql ] [ DB ] CONNECT:[ UseTime:0.001825s ] mysql:host=127.0.0.1;port=3308;dbname=fastadmin;charset=utf8
[ sql ] [ SQL ] SHOW COLUMNS FROM `fa_auth_group_access` [ RunTime:0.016010s ]
[ sql ] [ SQL ] SELECT `aga`.`uid`,`aga`.`group_id`,`ag`.`id`,`ag`.`pid`,`ag`.`name`,`ag`.`rules` FROM `fa_auth_group_access` `aga` LEFT JOIN `fa_auth_group` `ag` ON `aga`.`group_id`=`ag`.`id` WHERE  (  aga.uid='1' and ag.status='normal' ) [ RunTime:0.001044s ]
[ sql ] [ SQL ] SHOW COLUMNS FROM `fa_auth_rule` [ RunTime:0.043947s ]
[ sql ] [ SQL ] SELECT `id`,`pid`,`condition`,`icon`,`name`,`title`,`ismenu` FROM `fa_auth_rule` WHERE  `status` = 'normal' [ RunTime:0.002255s ]
[ sql ] [ SQL ] SELECT `title`,`remark` FROM `fa_auth_rule` WHERE  `name` = 'dashboard' LIMIT 1 [ RunTime:0.061372s ]
---------------------------------------------------------------
[ 2019-06-23T14:13:41+08:00 ] 0.0.0.0 GET localhost:8088/admin/ajax/lang?callback=define&controllername=dashboard&v=1561270419
[运行时间：0.197545s] [吞吐率：5.06req/s] [内存消耗：3,570.51kb] [文件加载：128]
[ info ] [ BEHAVIOR ] Run Closure @app_init [ RunTime:0.000031s ]
[ info ] [ CACHE ] INIT File
[ info ] [ BEHAVIOR ] Run Closure @app_init [ RunTime:0.003000s ]
[ info ] [ LANG ] D:\wamp64\xungeng\thinkphp\lang\zh-cn.php
[ info ] [ ROUTE ] array (
  'type' => 'module',
  'module' => 
  array (
    0 => 'admin',
    1 => 'ajax',
    2 => 'lang',
  ),
)
[ info ] [ HEADER ] array (
  'host' => 'localhost:8088',
  'connection' => 'keep-alive',
  'user-agent' => 'Mozilla/5.0 (Windows NT 10.0; WOW64) AppleWebKit/537.36 (KHTML, like Gecko) Chrome/67.0.3396.99 Safari/537.36',
  'accept' => '*/*',
  'referer' => 'http://localhost:8088/admin/dashboard?addtabs=1',
  'accept-encoding' => 'gzip, deflate, br',
  'accept-language' => 'zh-CN,zh;q=0.9',
  'cookie' => 'Hm_lvt_f8d0a8c400404989e195270b0bbf060a=1559105590,1559464694,1560390167,1560680234; PHPSESSID=mo5jds0nfj1garp4phv7g0phs0; Hm_lpvt_f8d0a8c400404989e195270b0bbf060a=1561270306',
)
[ info ] [ PARAM ] array (
  'callback' => 'define',
  'controllername' => 'dashboard',
  'v' => '1561270419',
)
[ info ] [ LANG ] D:\wamp64\xungeng\public/../application/admin\lang\zh-cn.php
[ info ] [ BEHAVIOR ] Run app\common\behavior\Common @module_init [ RunTime:0.002570s ]
[ info ] [ SESSION ] INIT array (
  'id' => '',
  'var_session_id' => '',
  'prefix' => 'think',
  'type' => '',
  'auto_start' => true,
)
[ info ] [ LANG ] D:\wamp64\xungeng\public/../application/admin/lang/zh-cn/ajax.php
[ info ] [ RUN ] app\admin\controller\Ajax->lang[ D:\wamp64\xungeng\application\admin\controller\Ajax.php ]
[ info ] [ LANG ] D:\wamp64\xungeng\public/../application/admin/lang/zh-cn/dashboard.php
[ info ] [ BEHAVIOR ] Run app\admin\behavior\AdminLog @app_end [ RunTime:0.000866s ]
[ info ] [ LOG ] INIT File
---------------------------------------------------------------
[ 2019-06-23T14:13:42+08:00 ] 0.0.0.0 GET localhost:8088/admin/ajax/lang?callback=define&controllername=index&v=1561270413
[运行时间：0.912438s] [吞吐率：1.10req/s] [内存消耗：3,571.59kb] [文件加载：128]
[ info ] [ BEHAVIOR ] Run Closure @app_init [ RunTime:0.058960s ]
[ info ] [ CACHE ] INIT File
[ info ] [ BEHAVIOR ] Run Closure @app_init [ RunTime:0.082935s ]
[ info ] [ LANG ] D:\wamp64\xungeng\thinkphp\lang\zh-cn.php
[ info ] [ ROUTE ] array (
  'type' => 'module',
  'module' => 
  array (
    0 => 'admin',
    1 => 'ajax',
    2 => 'lang',
  ),
)
[ info ] [ HEADER ] array (
  'host' => 'localhost:8088',
  'connection' => 'keep-alive',
  'user-agent' => 'Mozilla/5.0 (Windows NT 10.0; WOW64) AppleWebKit/537.36 (KHTML, like Gecko) Chrome/67.0.3396.99 Safari/537.36',
  'accept' => '*/*',
  'referer' => 'http://localhost:8088/admin/index/index',
  'accept-encoding' => 'gzip, deflate, br',
  'accept-language' => 'zh-CN,zh;q=0.9',
  'cookie' => 'Hm_lvt_f8d0a8c400404989e195270b0bbf060a=1559105590,1559464694,1560390167,1560680234; PHPSESSID=mo5jds0nfj1garp4phv7g0phs0; Hm_lpvt_f8d0a8c400404989e195270b0bbf060a=1561270306',
)
[ info ] [ PARAM ] array (
  'callback' => 'define',
  'controllername' => 'index',
  'v' => '1561270413',
)
[ info ] [ LANG ] D:\wamp64\xungeng\public/../application/admin\lang\zh-cn.php
[ info ] [ BEHAVIOR ] Run app\common\behavior\Common @module_init [ RunTime:0.059635s ]
[ info ] [ SESSION ] INIT array (
  'id' => '',
  'var_session_id' => '',
  'prefix' => 'think',
  'type' => '',
  'auto_start' => true,
)
[ info ] [ LANG ] D:\wamp64\xungeng\public/../application/admin/lang/zh-cn/ajax.php
[ info ] [ RUN ] app\admin\controller\Ajax->lang[ D:\wamp64\xungeng\application\admin\controller\Ajax.php ]
[ info ] [ LANG ] D:\wamp64\xungeng\public/../application/admin/lang/zh-cn/index.php
[ info ] [ BEHAVIOR ] Run app\admin\behavior\AdminLog @app_end [ RunTime:0.001913s ]
[ info ] [ LOG ] INIT File
---------------------------------------------------------------
[ 2019-06-23T14:19:14+08:00 ] 0.0.0.0 GET localhost:8088/admin/addon?addtabs=1
[运行时间：2.721723s] [吞吐率：0.37req/s] [内存消耗：5,046.30kb] [文件加载：153]
[ info ] [ BEHAVIOR ] Run Closure @app_init [ RunTime:0.016382s ]
[ info ] [ CACHE ] INIT File
[ info ] [ BEHAVIOR ] Run Closure @app_init [ RunTime:0.004325s ]
[ info ] [ LANG ] D:\wamp64\xungeng\thinkphp\lang\zh-cn.php
[ info ] [ ROUTE ] array (
  'type' => 'module',
  'module' => 
  array (
    0 => 'admin',
    1 => 'addon',
    2 => NULL,
  ),
)
[ info ] [ HEADER ] array (
  'host' => 'localhost:8088',
  'connection' => 'keep-alive',
  'upgrade-insecure-requests' => '1',
  'user-agent' => 'Mozilla/5.0 (Windows NT 10.0; WOW64) AppleWebKit/537.36 (KHTML, like Gecko) Chrome/67.0.3396.99 Safari/537.36',
  'accept' => 'text/html,application/xhtml+xml,application/xml;q=0.9,image/webp,image/apng,*/*;q=0.8',
  'referer' => 'http://localhost:8088/admin/addon?ref=addtabs',
  'accept-encoding' => 'gzip, deflate, br',
  'accept-language' => 'zh-CN,zh;q=0.9',
  'cookie' => 'Hm_lvt_f8d0a8c400404989e195270b0bbf060a=1559105590,1559464694,1560390167,1560680234; PHPSESSID=mo5jds0nfj1garp4phv7g0phs0; Hm_lpvt_f8d0a8c400404989e195270b0bbf060a=1561270306',
)
[ info ] [ PARAM ] array (
  'addtabs' => '1',
)
[ info ] [ LANG ] D:\wamp64\xungeng\public/../application/admin\lang\zh-cn.php
[ info ] [ BEHAVIOR ] Run app\common\behavior\Common @module_init [ RunTime:0.108423s ]
[ info ] [ SESSION ] INIT array (
  'id' => '',
  'var_session_id' => '',
  'prefix' => 'think',
  'type' => '',
  'auto_start' => true,
)
[ info ] [ DB ] INIT mysql
[ info ] [ LANG ] D:\wamp64\xungeng\public/../application/admin/lang/zh-cn/addon.php
[ info ] [ RUN ] app\admin\controller\Addon->index[ D:\wamp64\xungeng\application\admin\controller\Addon.php ]
[ info ] [ VIEW ] D:\wamp64\xungeng\public/../application/admin\view\addon\index.html [ array (
  0 => 'breadcrumb',
  1 => 'site',
  2 => 'config',
  3 => 'auth',
  4 => 'admin',
) ]
[ info ] [ BEHAVIOR ] Run app\admin\behavior\AdminLog @app_end [ RunTime:0.000692s ]
[ info ] [ LOG ] INIT File
[ sql ] [ DB ] CONNECT:[ UseTime:0.057555s ] mysql:host=127.0.0.1;port=3308;dbname=fastadmin;charset=utf8
[ sql ] [ SQL ] SHOW COLUMNS FROM `fa_auth_group_access` [ RunTime:0.027835s ]
[ sql ] [ SQL ] SELECT `aga`.`uid`,`aga`.`group_id`,`ag`.`id`,`ag`.`pid`,`ag`.`name`,`ag`.`rules` FROM `fa_auth_group_access` `aga` LEFT JOIN `fa_auth_group` `ag` ON `aga`.`group_id`=`ag`.`id` WHERE  (  aga.uid='1' and ag.status='normal' ) [ RunTime:0.031388s ]
[ sql ] [ SQL ] SHOW COLUMNS FROM `fa_auth_rule` [ RunTime:0.038951s ]
[ sql ] [ SQL ] SELECT `id`,`pid`,`condition`,`icon`,`name`,`title`,`ismenu` FROM `fa_auth_rule` WHERE  `status` = 'normal' [ RunTime:0.016166s ]
[ sql ] [ SQL ] SELECT `title`,`remark` FROM `fa_auth_rule` WHERE  `name` = 'addon' LIMIT 1 [ RunTime:0.001369s ]
---------------------------------------------------------------
[ 2019-06-23T14:19:14+08:00 ] 0.0.0.0 GET localhost:8088/admin/ajax/lang?callback=define&controllername=addon&v=1561270752
[运行时间：0.129653s] [吞吐率：7.71req/s] [内存消耗：3,590.15kb] [文件加载：128]
[ info ] [ BEHAVIOR ] Run Closure @app_init [ RunTime:0.000033s ]
[ info ] [ CACHE ] INIT File
[ info ] [ BEHAVIOR ] Run Closure @app_init [ RunTime:0.003484s ]
[ info ] [ LANG ] D:\wamp64\xungeng\thinkphp\lang\zh-cn.php
[ info ] [ ROUTE ] array (
  'type' => 'module',
  'module' => 
  array (
    0 => 'admin',
    1 => 'ajax',
    2 => 'lang',
  ),
)
[ info ] [ HEADER ] array (
  'host' => 'localhost:8088',
  'connection' => 'keep-alive',
  'user-agent' => 'Mozilla/5.0 (Windows NT 10.0; WOW64) AppleWebKit/537.36 (KHTML, like Gecko) Chrome/67.0.3396.99 Safari/537.36',
  'accept' => '*/*',
  'referer' => 'http://localhost:8088/admin/addon?addtabs=1',
  'accept-encoding' => 'gzip, deflate, br',
  'accept-language' => 'zh-CN,zh;q=0.9',
  'cookie' => 'Hm_lvt_f8d0a8c400404989e195270b0bbf060a=1559105590,1559464694,1560390167,1560680234; PHPSESSID=mo5jds0nfj1garp4phv7g0phs0; Hm_lpvt_f8d0a8c400404989e195270b0bbf060a=1561270306',
)
[ info ] [ PARAM ] array (
  'callback' => 'define',
  'controllername' => 'addon',
  'v' => '1561270752',
)
[ info ] [ LANG ] D:\wamp64\xungeng\public/../application/admin\lang\zh-cn.php
[ info ] [ BEHAVIOR ] Run app\common\behavior\Common @module_init [ RunTime:0.004761s ]
[ info ] [ SESSION ] INIT array (
  'id' => '',
  'var_session_id' => '',
  'prefix' => 'think',
  'type' => '',
  'auto_start' => true,
)
[ info ] [ LANG ] D:\wamp64\xungeng\public/../application/admin/lang/zh-cn/ajax.php
[ info ] [ RUN ] app\admin\controller\Ajax->lang[ D:\wamp64\xungeng\application\admin\controller\Ajax.php ]
[ info ] [ LANG ] D:\wamp64\xungeng\public/../application/admin/lang/zh-cn/addon.php
[ info ] [ BEHAVIOR ] Run app\admin\behavior\AdminLog @app_end [ RunTime:0.000629s ]
[ info ] [ LOG ] INIT File
