[ 2019-05-28T20:08:50+08:00 ][ sql ] [ DB ] CONNECT:[ UseTime:0.003592s ] mysql:host=127.0.0.1;port=3308;dbname=fastadmin;charset=utf8
[ 2019-05-28T20:08:50+08:00 ][ sql ] [ SQL ] SHOW TABLE STATUS LIKE 'arrest' [ RunTime:0.000981s ]
[ 2019-05-28T20:08:50+08:00 ][ sql ] [ SQL ] SHOW TABLE STATUS LIKE 'fa_arrest' [ RunTime:0.002039s ]
[ 2019-05-28T20:08:50+08:00 ][ sql ] [ SQL ] SELECT * FROM `information_schema`.`columns` WHERE TABLE_SCHEMA = 'fastadmin' AND table_name = 'fa_arrest' ORDER BY ORDINAL_POSITION [ RunTime:0.004450s ]
[ 2019-05-28T20:08:50+08:00 ][ sql ] [ DB ] CONNECT:[ UseTime:0.003720s ] mysql:host=127.0.0.1;port=3308;dbname=fastadmin;charset=utf8
[ 2019-05-28T20:08:50+08:00 ][ sql ] [ SQL ] SHOW COLUMNS FROM `fa_auth_rule` [ RunTime:0.002412s ]
[ 2019-05-28T20:08:50+08:00 ][ sql ] [ SQL ] SELECT * FROM `fa_auth_rule` WHERE  `name` = 'arrest' LIMIT 1 [ RunTime:0.000853s ]
[ 2019-05-28T20:08:51+08:00 ][ sql ] [ SQL ] INSERT INTO `fa_auth_rule` (`pid` , `name` , `title` , `icon` , `remark` , `ismenu` , `status` , `createtime` , `updatetime`) VALUES (0 , 'arrest' , '测试管理' , 'fa fa-circle-o' , '' , 1 , 'normal' , 1559045330 , 1559045330) [ RunTime:0.086399s ]
[ 2019-05-28T20:08:51+08:00 ][ sql ] [ SQL ] SELECT `id` FROM `fa_auth_rule` WHERE  `name` = 'arrest/index' LIMIT 1 [ RunTime:0.001635s ]
[ 2019-05-28T20:08:51+08:00 ][ sql ] [ SQL ] SELECT `id` FROM `fa_auth_rule` WHERE  `name` = 'arrest/recyclebin' LIMIT 1 [ RunTime:0.001582s ]
[ 2019-05-28T20:08:51+08:00 ][ sql ] [ SQL ] SELECT `id` FROM `fa_auth_rule` WHERE  `name` = 'arrest/add' LIMIT 1 [ RunTime:0.001573s ]
[ 2019-05-28T20:08:51+08:00 ][ sql ] [ SQL ] SELECT `id` FROM `fa_auth_rule` WHERE  `name` = 'arrest/edit' LIMIT 1 [ RunTime:0.001635s ]
[ 2019-05-28T20:08:51+08:00 ][ sql ] [ SQL ] SELECT `id` FROM `fa_auth_rule` WHERE  `name` = 'arrest/del' LIMIT 1 [ RunTime:0.001618s ]
[ 2019-05-28T20:08:51+08:00 ][ sql ] [ SQL ] SELECT `id` FROM `fa_auth_rule` WHERE  `name` = 'arrest/destroy' LIMIT 1 [ RunTime:0.001561s ]
[ 2019-05-28T20:08:51+08:00 ][ sql ] [ SQL ] SELECT `id` FROM `fa_auth_rule` WHERE  `name` = 'arrest/restore' LIMIT 1 [ RunTime:0.001594s ]
[ 2019-05-28T20:08:51+08:00 ][ sql ] [ SQL ] SELECT `id` FROM `fa_auth_rule` WHERE  `name` = 'arrest/multi' LIMIT 1 [ RunTime:0.001617s ]
[ 2019-05-28T20:08:51+08:00 ][ sql ] [ SQL ] INSERT INTO `fa_auth_rule` (`id` , `pid` , `name` , `icon` , `title` , `ismenu` , `status` , `createtime` , `updatetime`) VALUES (NULL , 85 , 'arrest/index' , 'fa fa-circle-o' , '查看' , 0 , 'normal' , 1559045331 , 1559045331) [ RunTime:0.002012s ]
[ 2019-05-28T20:08:51+08:00 ][ sql ] [ SQL ] INSERT INTO `fa_auth_rule` (`id` , `pid` , `name` , `icon` , `title` , `ismenu` , `status` , `createtime` , `updatetime`) VALUES (NULL , 85 , 'arrest/recyclebin' , 'fa fa-circle-o' , '回收站' , 0 , 'normal' , 1559045331 , 1559045331) [ RunTime:0.001606s ]
[ 2019-05-28T20:08:51+08:00 ][ sql ] [ SQL ] INSERT INTO `fa_auth_rule` (`id` , `pid` , `name` , `icon` , `title` , `ismenu` , `status` , `createtime` , `updatetime`) VALUES (NULL , 85 , 'arrest/add' , 'fa fa-circle-o' , '添加' , 0 , 'normal' , 1559045331 , 1559045331) [ RunTime:0.001343s ]
[ 2019-05-28T20:08:51+08:00 ][ sql ] [ SQL ] INSERT INTO `fa_auth_rule` (`id` , `pid` , `name` , `icon` , `title` , `ismenu` , `status` , `createtime` , `updatetime`) VALUES (NULL , 85 , 'arrest/edit' , 'fa fa-circle-o' , '编辑' , 0 , 'normal' , 1559045331 , 1559045331) [ RunTime:0.000876s ]
[ 2019-05-28T20:08:51+08:00 ][ sql ] [ SQL ] INSERT INTO `fa_auth_rule` (`id` , `pid` , `name` , `icon` , `title` , `ismenu` , `status` , `createtime` , `updatetime`) VALUES (NULL , 85 , 'arrest/del' , 'fa fa-circle-o' , '删除' , 0 , 'normal' , 1559045331 , 1559045331) [ RunTime:0.000852s ]
[ 2019-05-28T20:08:51+08:00 ][ sql ] [ SQL ] INSERT INTO `fa_auth_rule` (`id` , `pid` , `name` , `icon` , `title` , `ismenu` , `status` , `createtime` , `updatetime`) VALUES (NULL , 85 , 'arrest/destroy' , 'fa fa-circle-o' , '真实删除' , 0 , 'normal' , 1559045331 , 1559045331) [ RunTime:0.000848s ]
[ 2019-05-28T20:08:51+08:00 ][ sql ] [ SQL ] INSERT INTO `fa_auth_rule` (`id` , `pid` , `name` , `icon` , `title` , `ismenu` , `status` , `createtime` , `updatetime`) VALUES (NULL , 85 , 'arrest/restore' , 'fa fa-circle-o' , '还原' , 0 , 'normal' , 1559045331 , 1559045331) [ RunTime:0.000865s ]
[ 2019-05-28T20:08:51+08:00 ][ sql ] [ SQL ] INSERT INTO `fa_auth_rule` (`id` , `pid` , `name` , `icon` , `title` , `ismenu` , `status` , `createtime` , `updatetime`) VALUES (NULL , 85 , 'arrest/multi' , 'fa fa-circle-o' , '批量更新' , 0 , 'normal' , 1559045331 , 1559045331) [ RunTime:0.000842s ]
[ 2019-05-28T20:20:02+08:00 ][ sql ] [ DB ] CONNECT:[ UseTime:0.003651s ] mysql:host=127.0.0.1;port=3308;dbname=fastadmin;charset=utf8
[ 2019-05-28T20:20:02+08:00 ][ sql ] [ SQL ] SHOW TABLE STATUS LIKE 'arrest' [ RunTime:0.001235s ]
[ 2019-05-28T20:20:02+08:00 ][ sql ] [ SQL ] SHOW TABLE STATUS LIKE 'fa_arrest' [ RunTime:0.002340s ]
[ 2019-05-28T20:20:10+08:00 ][ sql ] [ DB ] CONNECT:[ UseTime:0.003903s ] mysql:host=127.0.0.1;port=3308;dbname=fastadmin;charset=utf8
[ 2019-05-28T20:20:10+08:00 ][ sql ] [ SQL ] SHOW TABLE STATUS LIKE 'arrest' [ RunTime:0.001269s ]
[ 2019-05-28T20:20:10+08:00 ][ sql ] [ SQL ] SHOW TABLE STATUS LIKE 'fa_arrest' [ RunTime:0.002352s ]
[ 2019-05-28T20:20:10+08:00 ][ sql ] [ SQL ] SELECT * FROM `information_schema`.`columns` WHERE TABLE_SCHEMA = 'fastadmin' AND table_name = 'fa_arrest' ORDER BY ORDINAL_POSITION [ RunTime:0.001812s ]
[ 2019-05-28T20:20:10+08:00 ][ sql ] [ DB ] CONNECT:[ UseTime:0.003633s ] mysql:host=127.0.0.1;port=3308;dbname=fastadmin;charset=utf8
[ 2019-05-28T20:20:10+08:00 ][ sql ] [ SQL ] SHOW COLUMNS FROM `fa_auth_rule` [ RunTime:0.001476s ]
[ 2019-05-28T20:20:10+08:00 ][ sql ] [ SQL ] SELECT * FROM `fa_auth_rule` WHERE  `name` = 'arrest' LIMIT 1 [ RunTime:0.000814s ]
[ 2019-05-28T20:20:10+08:00 ][ sql ] [ SQL ] SELECT `id` FROM `fa_auth_rule` WHERE  `name` = 'arrest/index' LIMIT 1 [ RunTime:0.000689s ]
[ 2019-05-28T20:20:10+08:00 ][ sql ] [ SQL ] SELECT `id` FROM `fa_auth_rule` WHERE  `name` = 'arrest/recyclebin' LIMIT 1 [ RunTime:0.000742s ]
[ 2019-05-28T20:20:10+08:00 ][ sql ] [ SQL ] SELECT `id` FROM `fa_auth_rule` WHERE  `name` = 'arrest/add' LIMIT 1 [ RunTime:0.000693s ]
[ 2019-05-28T20:20:10+08:00 ][ sql ] [ SQL ] SELECT `id` FROM `fa_auth_rule` WHERE  `name` = 'arrest/edit' LIMIT 1 [ RunTime:0.000645s ]
[ 2019-05-28T20:20:10+08:00 ][ sql ] [ SQL ] SELECT `id` FROM `fa_auth_rule` WHERE  `name` = 'arrest/del' LIMIT 1 [ RunTime:0.000858s ]
[ 2019-05-28T20:20:10+08:00 ][ sql ] [ SQL ] SELECT `id` FROM `fa_auth_rule` WHERE  `name` = 'arrest/destroy' LIMIT 1 [ RunTime:0.000886s ]
[ 2019-05-28T20:20:10+08:00 ][ sql ] [ SQL ] SELECT `id` FROM `fa_auth_rule` WHERE  `name` = 'arrest/restore' LIMIT 1 [ RunTime:0.000763s ]
[ 2019-05-28T20:20:10+08:00 ][ sql ] [ SQL ] SELECT `id` FROM `fa_auth_rule` WHERE  `name` = 'arrest/multi' LIMIT 1 [ RunTime:0.000662s ]
[ 2019-05-28T20:20:10+08:00 ][ sql ] [ SQL ] UPDATE `fa_auth_rule`  SET `pid`=85,`name`='arrest/index',`icon`='fa fa-circle-o',`title`='查看',`ismenu`=0,`status`='normal',`updatetime`=1559046010  WHERE  `id` = 86 [ RunTime:0.023095s ]
[ 2019-05-28T20:20:10+08:00 ][ sql ] [ SQL ] UPDATE `fa_auth_rule`  SET `pid`=85,`name`='arrest/recyclebin',`icon`='fa fa-circle-o',`title`='回收站',`ismenu`=0,`status`='normal',`updatetime`=1559046010  WHERE  `id` = 87 [ RunTime:0.000794s ]
[ 2019-05-28T20:20:10+08:00 ][ sql ] [ SQL ] UPDATE `fa_auth_rule`  SET `pid`=85,`name`='arrest/add',`icon`='fa fa-circle-o',`title`='添加',`ismenu`=0,`status`='normal',`updatetime`=1559046010  WHERE  `id` = 88 [ RunTime:0.000795s ]
[ 2019-05-28T20:20:10+08:00 ][ sql ] [ SQL ] UPDATE `fa_auth_rule`  SET `pid`=85,`name`='arrest/edit',`icon`='fa fa-circle-o',`title`='编辑',`ismenu`=0,`status`='normal',`updatetime`=1559046010  WHERE  `id` = 89 [ RunTime:0.000721s ]
[ 2019-05-28T20:20:10+08:00 ][ sql ] [ SQL ] UPDATE `fa_auth_rule`  SET `pid`=85,`name`='arrest/del',`icon`='fa fa-circle-o',`title`='删除',`ismenu`=0,`status`='normal',`updatetime`=1559046010  WHERE  `id` = 90 [ RunTime:0.000747s ]
[ 2019-05-28T20:20:10+08:00 ][ sql ] [ SQL ] UPDATE `fa_auth_rule`  SET `pid`=85,`name`='arrest/destroy',`icon`='fa fa-circle-o',`title`='真实删除',`ismenu`=0,`status`='normal',`updatetime`=1559046010  WHERE  `id` = 91 [ RunTime:0.000757s ]
[ 2019-05-28T20:20:10+08:00 ][ sql ] [ SQL ] UPDATE `fa_auth_rule`  SET `pid`=85,`name`='arrest/restore',`icon`='fa fa-circle-o',`title`='还原',`ismenu`=0,`status`='normal',`updatetime`=1559046010  WHERE  `id` = 92 [ RunTime:0.000747s ]
[ 2019-05-28T20:20:10+08:00 ][ sql ] [ SQL ] UPDATE `fa_auth_rule`  SET `pid`=85,`name`='arrest/multi',`icon`='fa fa-circle-o',`title`='批量更新',`ismenu`=0,`status`='normal',`updatetime`=1559046010  WHERE  `id` = 93 [ RunTime:0.001116s ]
[ 2019-05-28T20:23:17+08:00 ][ sql ] [ DB ] CONNECT:[ UseTime:0.003989s ] mysql:host=127.0.0.1;port=3308;dbname=fastadmin;charset=utf8
[ 2019-05-28T20:23:17+08:00 ][ sql ] [ SQL ] SHOW TABLE STATUS LIKE 'arrest' [ RunTime:0.001212s ]
[ 2019-05-28T20:23:17+08:00 ][ sql ] [ SQL ] SHOW TABLE STATUS LIKE 'fa_arrest' [ RunTime:0.002257s ]
[ 2019-05-28T20:23:17+08:00 ][ sql ] [ SQL ] SELECT * FROM `information_schema`.`columns` WHERE TABLE_SCHEMA = 'fastadmin' AND table_name = 'fa_arrest' ORDER BY ORDINAL_POSITION [ RunTime:0.001730s ]
[ 2019-05-28T20:23:17+08:00 ][ sql ] [ DB ] CONNECT:[ UseTime:0.003717s ] mysql:host=127.0.0.1;port=3308;dbname=fastadmin;charset=utf8
[ 2019-05-28T20:23:17+08:00 ][ sql ] [ SQL ] SHOW COLUMNS FROM `fa_auth_rule` [ RunTime:0.001591s ]
[ 2019-05-28T20:23:17+08:00 ][ sql ] [ SQL ] SELECT * FROM `fa_auth_rule` WHERE  `name` = 'arrest' LIMIT 1 [ RunTime:0.000919s ]
[ 2019-05-28T20:23:17+08:00 ][ sql ] [ SQL ] SELECT `id` FROM `fa_auth_rule` WHERE  `name` = 'arrest/index' LIMIT 1 [ RunTime:0.000790s ]
[ 2019-05-28T20:23:17+08:00 ][ sql ] [ SQL ] SELECT `id` FROM `fa_auth_rule` WHERE  `name` = 'arrest/recyclebin' LIMIT 1 [ RunTime:0.000649s ]
[ 2019-05-28T20:23:17+08:00 ][ sql ] [ SQL ] SELECT `id` FROM `fa_auth_rule` WHERE  `name` = 'arrest/add' LIMIT 1 [ RunTime:0.000670s ]
[ 2019-05-28T20:23:17+08:00 ][ sql ] [ SQL ] SELECT `id` FROM `fa_auth_rule` WHERE  `name` = 'arrest/edit' LIMIT 1 [ RunTime:0.000710s ]
[ 2019-05-28T20:23:17+08:00 ][ sql ] [ SQL ] SELECT `id` FROM `fa_auth_rule` WHERE  `name` = 'arrest/del' LIMIT 1 [ RunTime:0.000679s ]
[ 2019-05-28T20:23:17+08:00 ][ sql ] [ SQL ] SELECT `id` FROM `fa_auth_rule` WHERE  `name` = 'arrest/destroy' LIMIT 1 [ RunTime:0.000651s ]
[ 2019-05-28T20:23:17+08:00 ][ sql ] [ SQL ] SELECT `id` FROM `fa_auth_rule` WHERE  `name` = 'arrest/restore' LIMIT 1 [ RunTime:0.000658s ]
[ 2019-05-28T20:23:17+08:00 ][ sql ] [ SQL ] SELECT `id` FROM `fa_auth_rule` WHERE  `name` = 'arrest/multi' LIMIT 1 [ RunTime:0.000607s ]
[ 2019-05-28T20:23:17+08:00 ][ sql ] [ SQL ] UPDATE `fa_auth_rule`  SET `pid`=85,`name`='arrest/index',`icon`='fa fa-circle-o',`title`='查看',`ismenu`=0,`status`='normal',`updatetime`=1559046197  WHERE  `id` = 86 [ RunTime:0.002309s ]
[ 2019-05-28T20:23:17+08:00 ][ sql ] [ SQL ] UPDATE `fa_auth_rule`  SET `pid`=85,`name`='arrest/recyclebin',`icon`='fa fa-circle-o',`title`='回收站',`ismenu`=0,`status`='normal',`updatetime`=1559046197  WHERE  `id` = 87 [ RunTime:0.000789s ]
[ 2019-05-28T20:23:17+08:00 ][ sql ] [ SQL ] UPDATE `fa_auth_rule`  SET `pid`=85,`name`='arrest/add',`icon`='fa fa-circle-o',`title`='添加',`ismenu`=0,`status`='normal',`updatetime`=1559046197  WHERE  `id` = 88 [ RunTime:0.000777s ]
[ 2019-05-28T20:23:17+08:00 ][ sql ] [ SQL ] UPDATE `fa_auth_rule`  SET `pid`=85,`name`='arrest/edit',`icon`='fa fa-circle-o',`title`='编辑',`ismenu`=0,`status`='normal',`updatetime`=1559046197  WHERE  `id` = 89 [ RunTime:0.000730s ]
[ 2019-05-28T20:23:17+08:00 ][ sql ] [ SQL ] UPDATE `fa_auth_rule`  SET `pid`=85,`name`='arrest/del',`icon`='fa fa-circle-o',`title`='删除',`ismenu`=0,`status`='normal',`updatetime`=1559046197  WHERE  `id` = 90 [ RunTime:0.000682s ]
[ 2019-05-28T20:23:17+08:00 ][ sql ] [ SQL ] UPDATE `fa_auth_rule`  SET `pid`=85,`name`='arrest/destroy',`icon`='fa fa-circle-o',`title`='真实删除',`ismenu`=0,`status`='normal',`updatetime`=1559046197  WHERE  `id` = 91 [ RunTime:0.000667s ]
[ 2019-05-28T20:23:17+08:00 ][ sql ] [ SQL ] UPDATE `fa_auth_rule`  SET `pid`=85,`name`='arrest/restore',`icon`='fa fa-circle-o',`title`='还原',`ismenu`=0,`status`='normal',`updatetime`=1559046197  WHERE  `id` = 92 [ RunTime:0.000759s ]
[ 2019-05-28T20:23:17+08:00 ][ sql ] [ SQL ] UPDATE `fa_auth_rule`  SET `pid`=85,`name`='arrest/multi',`icon`='fa fa-circle-o',`title`='批量更新',`ismenu`=0,`status`='normal',`updatetime`=1559046197  WHERE  `id` = 93 [ RunTime:0.000731s ]
[ 2019-05-28T20:54:08+08:00 ][ sql ] [ DB ] CONNECT:[ UseTime:0.004043s ] mysql:host=127.0.0.1;port=3308;dbname=fastadmin;charset=utf8
[ 2019-05-28T20:54:08+08:00 ][ sql ] [ SQL ] SHOW TABLE STATUS LIKE 'arrest' [ RunTime:0.001542s ]
[ 2019-05-28T20:54:08+08:00 ][ sql ] [ SQL ] SHOW TABLE STATUS LIKE 'fa_arrest' [ RunTime:0.002196s ]
[ 2019-05-28T20:54:08+08:00 ][ sql ] [ SQL ] SELECT * FROM `information_schema`.`columns` WHERE TABLE_SCHEMA = 'fastadmin' AND table_name = 'fa_arrest' ORDER BY ORDINAL_POSITION [ RunTime:0.001676s ]
[ 2019-05-28T20:54:08+08:00 ][ sql ] [ DB ] CONNECT:[ UseTime:0.003670s ] mysql:host=127.0.0.1;port=3308;dbname=fastadmin;charset=utf8
[ 2019-05-28T20:54:08+08:00 ][ sql ] [ SQL ] SHOW COLUMNS FROM `fa_auth_rule` [ RunTime:0.001377s ]
[ 2019-05-28T20:54:08+08:00 ][ sql ] [ SQL ] SELECT * FROM `fa_auth_rule` WHERE  `name` = 'arrest' LIMIT 1 [ RunTime:0.001002s ]
[ 2019-05-28T20:54:08+08:00 ][ sql ] [ SQL ] SELECT `id` FROM `fa_auth_rule` WHERE  `name` = 'arrest/index' LIMIT 1 [ RunTime:0.000539s ]
[ 2019-05-28T20:54:08+08:00 ][ sql ] [ SQL ] SELECT `id` FROM `fa_auth_rule` WHERE  `name` = 'arrest/add' LIMIT 1 [ RunTime:0.000590s ]
[ 2019-05-28T20:54:08+08:00 ][ sql ] [ SQL ] SELECT `id` FROM `fa_auth_rule` WHERE  `name` = 'arrest/edit' LIMIT 1 [ RunTime:0.000573s ]
[ 2019-05-28T20:54:08+08:00 ][ sql ] [ SQL ] SELECT `id` FROM `fa_auth_rule` WHERE  `name` = 'arrest/del' LIMIT 1 [ RunTime:0.000743s ]
[ 2019-05-28T20:54:08+08:00 ][ sql ] [ SQL ] SELECT `id` FROM `fa_auth_rule` WHERE  `name` = 'arrest/multi' LIMIT 1 [ RunTime:0.000592s ]
[ 2019-05-28T20:54:08+08:00 ][ sql ] [ SQL ] UPDATE `fa_auth_rule`  SET `pid`=85,`name`='arrest/index',`icon`='fa fa-circle-o',`title`='查看',`ismenu`=0,`status`='normal',`updatetime`=1559048048  WHERE  `id` = 86 [ RunTime:0.000641s ]
[ 2019-05-28T20:54:08+08:00 ][ sql ] [ SQL ] UPDATE `fa_auth_rule`  SET `pid`=85,`name`='arrest/add',`icon`='fa fa-circle-o',`title`='添加',`ismenu`=0,`status`='normal',`updatetime`=1559048048  WHERE  `id` = 88 [ RunTime:0.000658s ]
[ 2019-05-28T20:54:08+08:00 ][ sql ] [ SQL ] UPDATE `fa_auth_rule`  SET `pid`=85,`name`='arrest/edit',`icon`='fa fa-circle-o',`title`='编辑',`ismenu`=0,`status`='normal',`updatetime`=1559048048  WHERE  `id` = 89 [ RunTime:0.000593s ]
[ 2019-05-28T20:54:08+08:00 ][ sql ] [ SQL ] UPDATE `fa_auth_rule`  SET `pid`=85,`name`='arrest/del',`icon`='fa fa-circle-o',`title`='删除',`ismenu`=0,`status`='normal',`updatetime`=1559048048  WHERE  `id` = 90 [ RunTime:0.000627s ]
[ 2019-05-28T20:54:08+08:00 ][ sql ] [ SQL ] UPDATE `fa_auth_rule`  SET `pid`=85,`name`='arrest/multi',`icon`='fa fa-circle-o',`title`='批量更新',`ismenu`=0,`status`='normal',`updatetime`=1559048048  WHERE  `id` = 93 [ RunTime:0.000644s ]
[ 2019-05-28T20:56:10+08:00 ][ sql ] [ DB ] CONNECT:[ UseTime:0.003729s ] mysql:host=127.0.0.1;port=3308;dbname=fastadmin;charset=utf8
[ 2019-05-28T20:56:10+08:00 ][ sql ] [ SQL ] SHOW TABLE STATUS LIKE 'arrest' [ RunTime:0.001422s ]
[ 2019-05-28T20:56:10+08:00 ][ sql ] [ SQL ] SHOW TABLE STATUS LIKE 'fa_arrest' [ RunTime:0.002133s ]
[ 2019-05-28T20:56:10+08:00 ][ sql ] [ SQL ] SELECT * FROM `information_schema`.`columns` WHERE TABLE_SCHEMA = 'fastadmin' AND table_name = 'fa_arrest' ORDER BY ORDINAL_POSITION [ RunTime:0.001625s ]
[ 2019-05-28T20:56:10+08:00 ][ sql ] [ DB ] CONNECT:[ UseTime:0.003502s ] mysql:host=127.0.0.1;port=3308;dbname=fastadmin;charset=utf8
[ 2019-05-28T20:56:10+08:00 ][ sql ] [ SQL ] SHOW COLUMNS FROM `fa_auth_rule` [ RunTime:0.001473s ]
[ 2019-05-28T20:56:10+08:00 ][ sql ] [ SQL ] SELECT * FROM `fa_auth_rule` WHERE  `name` = 'arrest' LIMIT 1 [ RunTime:0.000862s ]
[ 2019-05-28T20:56:10+08:00 ][ sql ] [ SQL ] SELECT `id` FROM `fa_auth_rule` WHERE  `name` = 'arrest/index' LIMIT 1 [ RunTime:0.000690s ]
[ 2019-05-28T20:56:10+08:00 ][ sql ] [ SQL ] SELECT `id` FROM `fa_auth_rule` WHERE  `name` = 'arrest/add' LIMIT 1 [ RunTime:0.000941s ]
[ 2019-05-28T20:56:10+08:00 ][ sql ] [ SQL ] SELECT `id` FROM `fa_auth_rule` WHERE  `name` = 'arrest/edit' LIMIT 1 [ RunTime:0.000679s ]
[ 2019-05-28T20:56:10+08:00 ][ sql ] [ SQL ] SELECT `id` FROM `fa_auth_rule` WHERE  `name` = 'arrest/del' LIMIT 1 [ RunTime:0.000671s ]
[ 2019-05-28T20:56:10+08:00 ][ sql ] [ SQL ] SELECT `id` FROM `fa_auth_rule` WHERE  `name` = 'arrest/multi' LIMIT 1 [ RunTime:0.000647s ]
[ 2019-05-28T20:56:10+08:00 ][ sql ] [ SQL ] UPDATE `fa_auth_rule`  SET `pid`=85,`name`='arrest/index',`icon`='fa fa-circle-o',`title`='查看',`ismenu`=0,`status`='normal',`updatetime`=1559048170  WHERE  `id` = 86 [ RunTime:0.058782s ]
[ 2019-05-28T20:56:10+08:00 ][ sql ] [ SQL ] UPDATE `fa_auth_rule`  SET `pid`=85,`name`='arrest/add',`icon`='fa fa-circle-o',`title`='添加',`ismenu`=0,`status`='normal',`updatetime`=1559048170  WHERE  `id` = 88 [ RunTime:0.001726s ]
[ 2019-05-28T20:56:10+08:00 ][ sql ] [ SQL ] UPDATE `fa_auth_rule`  SET `pid`=85,`name`='arrest/edit',`icon`='fa fa-circle-o',`title`='编辑',`ismenu`=0,`status`='normal',`updatetime`=1559048170  WHERE  `id` = 89 [ RunTime:0.001710s ]
[ 2019-05-28T20:56:10+08:00 ][ sql ] [ SQL ] UPDATE `fa_auth_rule`  SET `pid`=85,`name`='arrest/del',`icon`='fa fa-circle-o',`title`='删除',`ismenu`=0,`status`='normal',`updatetime`=1559048170  WHERE  `id` = 90 [ RunTime:0.001740s ]
[ 2019-05-28T20:56:10+08:00 ][ sql ] [ SQL ] UPDATE `fa_auth_rule`  SET `pid`=85,`name`='arrest/multi',`icon`='fa fa-circle-o',`title`='批量更新',`ismenu`=0,`status`='normal',`updatetime`=1559048170  WHERE  `id` = 93 [ RunTime:0.001745s ]
[ 2019-05-28T21:05:09+08:00 ][ sql ] [ DB ] CONNECT:[ UseTime:0.004101s ] mysql:host=127.0.0.1;port=3308;dbname=fastadmin;charset=utf8
[ 2019-05-28T21:05:09+08:00 ][ sql ] [ SQL ] SHOW TABLE STATUS LIKE 'conflict' [ RunTime:0.001367s ]
[ 2019-05-28T21:05:09+08:00 ][ sql ] [ SQL ] SHOW TABLE STATUS LIKE 'fa_conflict' [ RunTime:0.002136s ]
[ 2019-05-28T21:05:09+08:00 ][ sql ] [ SQL ] SELECT * FROM `information_schema`.`columns` WHERE TABLE_SCHEMA = 'fastadmin' AND table_name = 'fa_conflict' ORDER BY ORDINAL_POSITION [ RunTime:0.001864s ]
[ 2019-05-28T21:05:36+08:00 ][ sql ] [ DB ] CONNECT:[ UseTime:0.003893s ] mysql:host=127.0.0.1;port=3308;dbname=fastadmin;charset=utf8
[ 2019-05-28T21:05:36+08:00 ][ sql ] [ SQL ] SHOW TABLE STATUS LIKE 'conflict' [ RunTime:0.001162s ]
[ 2019-05-28T21:05:36+08:00 ][ sql ] [ SQL ] SHOW TABLE STATUS LIKE 'fa_conflict' [ RunTime:0.002274s ]
[ 2019-05-28T21:05:47+08:00 ][ sql ] [ DB ] CONNECT:[ UseTime:0.003914s ] mysql:host=127.0.0.1;port=3308;dbname=fastadmin;charset=utf8
[ 2019-05-28T21:05:47+08:00 ][ sql ] [ SQL ] SHOW TABLE STATUS LIKE 'conflict' [ RunTime:0.001392s ]
[ 2019-05-28T21:05:47+08:00 ][ sql ] [ SQL ] SHOW TABLE STATUS LIKE 'fa_conflict' [ RunTime:0.001272s ]
[ 2019-05-28T21:05:47+08:00 ][ sql ] [ SQL ] SELECT * FROM `information_schema`.`columns` WHERE TABLE_SCHEMA = 'fastadmin' AND table_name = 'fa_conflict' ORDER BY ORDINAL_POSITION [ RunTime:0.002001s ]
[ 2019-05-28T21:06:38+08:00 ][ sql ] [ DB ] CONNECT:[ UseTime:0.003920s ] mysql:host=127.0.0.1;port=3308;dbname=fastadmin;charset=utf8
[ 2019-05-28T21:06:38+08:00 ][ sql ] [ SQL ] SHOW TABLE STATUS LIKE 'conflict' [ RunTime:0.001149s ]
[ 2019-05-28T21:06:38+08:00 ][ sql ] [ SQL ] SHOW TABLE STATUS LIKE 'fa_conflict' [ RunTime:0.002472s ]
[ 2019-05-28T21:06:38+08:00 ][ sql ] [ SQL ] SELECT * FROM `information_schema`.`columns` WHERE TABLE_SCHEMA = 'fastadmin' AND table_name = 'fa_conflict' ORDER BY ORDINAL_POSITION [ RunTime:0.002248s ]
[ 2019-05-28T21:06:38+08:00 ][ sql ] [ DB ] CONNECT:[ UseTime:0.003851s ] mysql:host=127.0.0.1;port=3308;dbname=fastadmin;charset=utf8
[ 2019-05-28T21:06:38+08:00 ][ sql ] [ SQL ] SHOW COLUMNS FROM `fa_auth_rule` [ RunTime:0.001517s ]
[ 2019-05-28T21:06:38+08:00 ][ sql ] [ SQL ] SELECT * FROM `fa_auth_rule` WHERE  `name` = 'conflict' LIMIT 1 [ RunTime:0.001003s ]
[ 2019-05-28T21:06:38+08:00 ][ sql ] [ SQL ] INSERT INTO `fa_auth_rule` (`pid` , `name` , `title` , `icon` , `remark` , `ismenu` , `status` , `createtime` , `updatetime`) VALUES (0 , 'conflict' , '测试管理' , 'fa fa-circle-o' , '' , 1 , 'normal' , 1559048798 , 1559048798) [ RunTime:0.107065s ]
[ 2019-05-28T21:06:38+08:00 ][ sql ] [ SQL ] SELECT `id` FROM `fa_auth_rule` WHERE  `name` = 'conflict/index' LIMIT 1 [ RunTime:0.001865s ]
[ 2019-05-28T21:06:38+08:00 ][ sql ] [ SQL ] SELECT `id` FROM `fa_auth_rule` WHERE  `name` = 'conflict/recyclebin' LIMIT 1 [ RunTime:0.002036s ]
[ 2019-05-28T21:06:38+08:00 ][ sql ] [ SQL ] SELECT `id` FROM `fa_auth_rule` WHERE  `name` = 'conflict/add' LIMIT 1 [ RunTime:0.001680s ]
[ 2019-05-28T21:06:38+08:00 ][ sql ] [ SQL ] SELECT `id` FROM `fa_auth_rule` WHERE  `name` = 'conflict/edit' LIMIT 1 [ RunTime:0.001649s ]
[ 2019-05-28T21:06:38+08:00 ][ sql ] [ SQL ] SELECT `id` FROM `fa_auth_rule` WHERE  `name` = 'conflict/del' LIMIT 1 [ RunTime:0.001633s ]
[ 2019-05-28T21:06:38+08:00 ][ sql ] [ SQL ] SELECT `id` FROM `fa_auth_rule` WHERE  `name` = 'conflict/destroy' LIMIT 1 [ RunTime:0.002258s ]
[ 2019-05-28T21:06:38+08:00 ][ sql ] [ SQL ] SELECT `id` FROM `fa_auth_rule` WHERE  `name` = 'conflict/restore' LIMIT 1 [ RunTime:0.001681s ]
[ 2019-05-28T21:06:38+08:00 ][ sql ] [ SQL ] SELECT `id` FROM `fa_auth_rule` WHERE  `name` = 'conflict/multi' LIMIT 1 [ RunTime:0.001431s ]
[ 2019-05-28T21:06:38+08:00 ][ sql ] [ SQL ] INSERT INTO `fa_auth_rule` (`id` , `pid` , `name` , `icon` , `title` , `ismenu` , `status` , `createtime` , `updatetime`) VALUES (NULL , 101 , 'conflict/index' , 'fa fa-circle-o' , '查看' , 0 , 'normal' , 1559048798 , 1559048798) [ RunTime:0.016298s ]
[ 2019-05-28T21:06:38+08:00 ][ sql ] [ SQL ] INSERT INTO `fa_auth_rule` (`id` , `pid` , `name` , `icon` , `title` , `ismenu` , `status` , `createtime` , `updatetime`) VALUES (NULL , 101 , 'conflict/recyclebin' , 'fa fa-circle-o' , '回收站' , 0 , 'normal' , 1559048798 , 1559048798) [ RunTime:0.001162s ]
[ 2019-05-28T21:06:38+08:00 ][ sql ] [ SQL ] INSERT INTO `fa_auth_rule` (`id` , `pid` , `name` , `icon` , `title` , `ismenu` , `status` , `createtime` , `updatetime`) VALUES (NULL , 101 , 'conflict/add' , 'fa fa-circle-o' , '添加' , 0 , 'normal' , 1559048798 , 1559048798) [ RunTime:0.001152s ]
[ 2019-05-28T21:06:38+08:00 ][ sql ] [ SQL ] INSERT INTO `fa_auth_rule` (`id` , `pid` , `name` , `icon` , `title` , `ismenu` , `status` , `createtime` , `updatetime`) VALUES (NULL , 101 , 'conflict/edit' , 'fa fa-circle-o' , '编辑' , 0 , 'normal' , 1559048798 , 1559048798) [ RunTime:0.001073s ]
[ 2019-05-28T21:06:38+08:00 ][ sql ] [ SQL ] INSERT INTO `fa_auth_rule` (`id` , `pid` , `name` , `icon` , `title` , `ismenu` , `status` , `createtime` , `updatetime`) VALUES (NULL , 101 , 'conflict/del' , 'fa fa-circle-o' , '删除' , 0 , 'normal' , 1559048798 , 1559048798) [ RunTime:0.001097s ]
[ 2019-05-28T21:06:38+08:00 ][ sql ] [ SQL ] INSERT INTO `fa_auth_rule` (`id` , `pid` , `name` , `icon` , `title` , `ismenu` , `status` , `createtime` , `updatetime`) VALUES (NULL , 101 , 'conflict/destroy' , 'fa fa-circle-o' , '真实删除' , 0 , 'normal' , 1559048798 , 1559048798) [ RunTime:0.001150s ]
[ 2019-05-28T21:06:38+08:00 ][ sql ] [ SQL ] INSERT INTO `fa_auth_rule` (`id` , `pid` , `name` , `icon` , `title` , `ismenu` , `status` , `createtime` , `updatetime`) VALUES (NULL , 101 , 'conflict/restore' , 'fa fa-circle-o' , '还原' , 0 , 'normal' , 1559048798 , 1559048798) [ RunTime:0.027274s ]
[ 2019-05-28T21:06:38+08:00 ][ sql ] [ SQL ] INSERT INTO `fa_auth_rule` (`id` , `pid` , `name` , `icon` , `title` , `ismenu` , `status` , `createtime` , `updatetime`) VALUES (NULL , 101 , 'conflict/multi' , 'fa fa-circle-o' , '批量更新' , 0 , 'normal' , 1559048798 , 1559048798) [ RunTime:0.001152s ]
[ 2019-05-28T21:26:05+08:00 ][ sql ] [ DB ] CONNECT:[ UseTime:0.003963s ] mysql:host=127.0.0.1;port=3308;dbname=fastadmin;charset=utf8
[ 2019-05-28T21:26:05+08:00 ][ sql ] [ SQL ] SHOW TABLE STATUS LIKE 'arrest' [ RunTime:0.001183s ]
[ 2019-05-28T21:26:05+08:00 ][ sql ] [ SQL ] SHOW TABLE STATUS LIKE 'fa_arrest' [ RunTime:0.001245s ]
[ 2019-05-28T21:26:05+08:00 ][ sql ] [ SQL ] SELECT * FROM `information_schema`.`columns` WHERE TABLE_SCHEMA = 'fastadmin' AND table_name = 'fa_arrest' ORDER BY ORDINAL_POSITION [ RunTime:0.001508s ]
[ 2019-05-28T21:26:05+08:00 ][ sql ] [ DB ] CONNECT:[ UseTime:0.003666s ] mysql:host=127.0.0.1;port=3308;dbname=fastadmin;charset=utf8
[ 2019-05-28T21:26:05+08:00 ][ sql ] [ SQL ] SHOW COLUMNS FROM `fa_auth_rule` [ RunTime:0.001524s ]
[ 2019-05-28T21:26:05+08:00 ][ sql ] [ SQL ] SELECT * FROM `fa_auth_rule` WHERE  `name` = 'arrest' LIMIT 1 [ RunTime:0.000870s ]
[ 2019-05-28T21:26:06+08:00 ][ sql ] [ SQL ] SELECT `id` FROM `fa_auth_rule` WHERE  `name` = 'arrest/index' LIMIT 1 [ RunTime:0.019961s ]
[ 2019-05-28T21:26:06+08:00 ][ sql ] [ SQL ] SELECT `id` FROM `fa_auth_rule` WHERE  `name` = 'arrest/add' LIMIT 1 [ RunTime:0.000673s ]
[ 2019-05-28T21:26:06+08:00 ][ sql ] [ SQL ] SELECT `id` FROM `fa_auth_rule` WHERE  `name` = 'arrest/edit' LIMIT 1 [ RunTime:0.000650s ]
[ 2019-05-28T21:26:06+08:00 ][ sql ] [ SQL ] SELECT `id` FROM `fa_auth_rule` WHERE  `name` = 'arrest/del' LIMIT 1 [ RunTime:0.000613s ]
[ 2019-05-28T21:26:06+08:00 ][ sql ] [ SQL ] SELECT `id` FROM `fa_auth_rule` WHERE  `name` = 'arrest/multi' LIMIT 1 [ RunTime:0.000656s ]
[ 2019-05-28T21:26:06+08:00 ][ sql ] [ SQL ] UPDATE `fa_auth_rule`  SET `pid`=85,`name`='arrest/index',`icon`='fa fa-circle-o',`title`='查看',`ismenu`=0,`status`='normal',`updatetime`=1559049966  WHERE  `id` = 86 [ RunTime:0.018266s ]
[ 2019-05-28T21:26:06+08:00 ][ sql ] [ SQL ] UPDATE `fa_auth_rule`  SET `pid`=85,`name`='arrest/add',`icon`='fa fa-circle-o',`title`='添加',`ismenu`=0,`status`='normal',`updatetime`=1559049966  WHERE  `id` = 88 [ RunTime:0.000654s ]
[ 2019-05-28T21:26:06+08:00 ][ sql ] [ SQL ] UPDATE `fa_auth_rule`  SET `pid`=85,`name`='arrest/edit',`icon`='fa fa-circle-o',`title`='编辑',`ismenu`=0,`status`='normal',`updatetime`=1559049966  WHERE  `id` = 89 [ RunTime:0.000816s ]
[ 2019-05-28T21:26:06+08:00 ][ sql ] [ SQL ] UPDATE `fa_auth_rule`  SET `pid`=85,`name`='arrest/del',`icon`='fa fa-circle-o',`title`='删除',`ismenu`=0,`status`='normal',`updatetime`=1559049966  WHERE  `id` = 90 [ RunTime:0.000765s ]
[ 2019-05-28T21:26:06+08:00 ][ sql ] [ SQL ] UPDATE `fa_auth_rule`  SET `pid`=85,`name`='arrest/multi',`icon`='fa fa-circle-o',`title`='批量更新',`ismenu`=0,`status`='normal',`updatetime`=1559049966  WHERE  `id` = 93 [ RunTime:0.000818s ]
[ 2019-05-28T21:58:25+08:00 ][ sql ] [ DB ] CONNECT:[ UseTime:0.003814s ] mysql:host=127.0.0.1;port=3308;dbname=fastadmin;charset=utf8
[ 2019-05-28T21:58:25+08:00 ][ sql ] [ SQL ] SHOW TABLE STATUS LIKE 'conflict' [ RunTime:0.001323s ]
[ 2019-05-28T21:58:25+08:00 ][ sql ] [ SQL ] SHOW TABLE STATUS LIKE 'fa_conflict' [ RunTime:0.001376s ]
[ 2019-05-28T21:58:50+08:00 ][ sql ] [ DB ] CONNECT:[ UseTime:0.003720s ] mysql:host=127.0.0.1;port=3308;dbname=fastadmin;charset=utf8
[ 2019-05-28T21:58:50+08:00 ][ sql ] [ SQL ] SHOW TABLE STATUS LIKE 'conflict' [ RunTime:0.001151s ]
[ 2019-05-28T21:58:50+08:00 ][ sql ] [ SQL ] SHOW TABLE STATUS LIKE 'fa_conflict' [ RunTime:0.002386s ]
[ 2019-05-28T21:58:50+08:00 ][ sql ] [ SQL ] SELECT * FROM `information_schema`.`columns` WHERE TABLE_SCHEMA = 'fastadmin' AND table_name = 'fa_conflict' ORDER BY ORDINAL_POSITION [ RunTime:0.002052s ]
[ 2019-05-28T21:58:51+08:00 ][ sql ] [ DB ] CONNECT:[ UseTime:0.003955s ] mysql:host=127.0.0.1;port=3308;dbname=fastadmin;charset=utf8
[ 2019-05-28T21:58:51+08:00 ][ sql ] [ SQL ] SHOW COLUMNS FROM `fa_auth_rule` [ RunTime:0.001945s ]
[ 2019-05-28T21:58:51+08:00 ][ sql ] [ SQL ] SELECT * FROM `fa_auth_rule` WHERE  `name` = 'conflict' LIMIT 1 [ RunTime:0.001009s ]
[ 2019-05-28T21:58:51+08:00 ][ sql ] [ SQL ] SELECT `id` FROM `fa_auth_rule` WHERE  `name` = 'conflict/index' LIMIT 1 [ RunTime:0.000824s ]
[ 2019-05-28T21:58:51+08:00 ][ sql ] [ SQL ] SELECT `id` FROM `fa_auth_rule` WHERE  `name` = 'conflict/recyclebin' LIMIT 1 [ RunTime:0.000717s ]
[ 2019-05-28T21:58:51+08:00 ][ sql ] [ SQL ] SELECT `id` FROM `fa_auth_rule` WHERE  `name` = 'conflict/add' LIMIT 1 [ RunTime:0.000682s ]
[ 2019-05-28T21:58:51+08:00 ][ sql ] [ SQL ] SELECT `id` FROM `fa_auth_rule` WHERE  `name` = 'conflict/edit' LIMIT 1 [ RunTime:0.000770s ]
[ 2019-05-28T21:58:51+08:00 ][ sql ] [ SQL ] SELECT `id` FROM `fa_auth_rule` WHERE  `name` = 'conflict/del' LIMIT 1 [ RunTime:0.000740s ]
[ 2019-05-28T21:58:51+08:00 ][ sql ] [ SQL ] SELECT `id` FROM `fa_auth_rule` WHERE  `name` = 'conflict/destroy' LIMIT 1 [ RunTime:0.000728s ]
[ 2019-05-28T21:58:51+08:00 ][ sql ] [ SQL ] SELECT `id` FROM `fa_auth_rule` WHERE  `name` = 'conflict/restore' LIMIT 1 [ RunTime:0.000688s ]
[ 2019-05-28T21:58:51+08:00 ][ sql ] [ SQL ] SELECT `id` FROM `fa_auth_rule` WHERE  `name` = 'conflict/multi' LIMIT 1 [ RunTime:0.000802s ]
[ 2019-05-28T21:58:51+08:00 ][ sql ] [ SQL ] UPDATE `fa_auth_rule`  SET `pid`=101,`name`='conflict/index',`icon`='fa fa-circle-o',`title`='查看',`ismenu`=0,`status`='normal',`updatetime`=1559051931  WHERE  `id` = 102 [ RunTime:0.020479s ]
[ 2019-05-28T21:58:51+08:00 ][ sql ] [ SQL ] UPDATE `fa_auth_rule`  SET `pid`=101,`name`='conflict/recyclebin',`icon`='fa fa-circle-o',`title`='回收站',`ismenu`=0,`status`='normal',`updatetime`=1559051931  WHERE  `id` = 103 [ RunTime:0.000773s ]
[ 2019-05-28T21:58:51+08:00 ][ sql ] [ SQL ] UPDATE `fa_auth_rule`  SET `pid`=101,`name`='conflict/add',`icon`='fa fa-circle-o',`title`='添加',`ismenu`=0,`status`='normal',`updatetime`=1559051931  WHERE  `id` = 104 [ RunTime:0.000789s ]
[ 2019-05-28T21:58:51+08:00 ][ sql ] [ SQL ] UPDATE `fa_auth_rule`  SET `pid`=101,`name`='conflict/edit',`icon`='fa fa-circle-o',`title`='编辑',`ismenu`=0,`status`='normal',`updatetime`=1559051931  WHERE  `id` = 105 [ RunTime:0.000997s ]
[ 2019-05-28T21:58:51+08:00 ][ sql ] [ SQL ] UPDATE `fa_auth_rule`  SET `pid`=101,`name`='conflict/del',`icon`='fa fa-circle-o',`title`='删除',`ismenu`=0,`status`='normal',`updatetime`=1559051931  WHERE  `id` = 106 [ RunTime:0.000853s ]
[ 2019-05-28T21:58:51+08:00 ][ sql ] [ SQL ] UPDATE `fa_auth_rule`  SET `pid`=101,`name`='conflict/destroy',`icon`='fa fa-circle-o',`title`='真实删除',`ismenu`=0,`status`='normal',`updatetime`=1559051931  WHERE  `id` = 107 [ RunTime:0.000725s ]
[ 2019-05-28T21:58:51+08:00 ][ sql ] [ SQL ] UPDATE `fa_auth_rule`  SET `pid`=101,`name`='conflict/restore',`icon`='fa fa-circle-o',`title`='还原',`ismenu`=0,`status`='normal',`updatetime`=1559051931  WHERE  `id` = 108 [ RunTime:0.000740s ]
[ 2019-05-28T21:58:51+08:00 ][ sql ] [ SQL ] UPDATE `fa_auth_rule`  SET `pid`=101,`name`='conflict/multi',`icon`='fa fa-circle-o',`title`='批量更新',`ismenu`=0,`status`='normal',`updatetime`=1559051931  WHERE  `id` = 109 [ RunTime:0.000682s ]
[ 2019-05-28T22:01:41+08:00 ][ sql ] [ DB ] CONNECT:[ UseTime:0.004241s ] mysql:host=127.0.0.1;port=3308;dbname=fastadmin;charset=utf8
[ 2019-05-28T22:01:41+08:00 ][ sql ] [ SQL ] SHOW TABLE STATUS LIKE 'conflict' [ RunTime:0.001659s ]
[ 2019-05-28T22:01:41+08:00 ][ sql ] [ SQL ] SHOW TABLE STATUS LIKE 'fa_conflict' [ RunTime:0.001696s ]
[ 2019-05-28T22:01:41+08:00 ][ sql ] [ SQL ] SELECT * FROM `information_schema`.`columns` WHERE TABLE_SCHEMA = 'fastadmin' AND table_name = 'fa_conflict' ORDER BY ORDINAL_POSITION [ RunTime:0.002206s ]
[ 2019-05-28T22:01:56+08:00 ][ sql ] [ DB ] CONNECT:[ UseTime:0.003822s ] mysql:host=127.0.0.1;port=3308;dbname=fastadmin;charset=utf8
[ 2019-05-28T22:01:56+08:00 ][ sql ] [ SQL ] SHOW TABLE STATUS LIKE 'conflict' [ RunTime:0.001347s ]
[ 2019-05-28T22:01:56+08:00 ][ sql ] [ SQL ] SHOW TABLE STATUS LIKE 'fa_conflict' [ RunTime:0.001449s ]
[ 2019-05-28T22:02:52+08:00 ][ sql ] [ DB ] CONNECT:[ UseTime:0.003644s ] mysql:host=127.0.0.1;port=3308;dbname=fastadmin;charset=utf8
[ 2019-05-28T22:02:52+08:00 ][ sql ] [ SQL ] SHOW COLUMNS FROM `fa_auth_rule` [ RunTime:0.001329s ]
[ 2019-05-28T22:02:52+08:00 ][ sql ] [ SQL ] SELECT * FROM `fa_auth_rule` WHERE  (  `name` LIKE 'conflict%' ) [ RunTime:0.030739s ]
[ 2019-05-28T22:02:54+08:00 ][ sql ] [ SQL ] SELECT * FROM `fa_auth_rule` WHERE  `id` IN (101,104,106,107,105,102,109,103,108) [ RunTime:0.001259s ]
[ 2019-05-28T22:02:54+08:00 ][ sql ] [ SQL ] DELETE FROM `fa_auth_rule`    WHERE  `id` = 101 [ RunTime:0.076644s ]
[ 2019-05-28T22:02:54+08:00 ][ sql ] [ SQL ] DELETE FROM `fa_auth_rule`    WHERE  `id` = 102 [ RunTime:0.053949s ]
[ 2019-05-28T22:02:55+08:00 ][ sql ] [ SQL ] DELETE FROM `fa_auth_rule`    WHERE  `id` = 103 [ RunTime:0.077311s ]
[ 2019-05-28T22:02:55+08:00 ][ sql ] [ SQL ] DELETE FROM `fa_auth_rule`    WHERE  `id` = 104 [ RunTime:0.076521s ]
[ 2019-05-28T22:02:55+08:00 ][ sql ] [ SQL ] DELETE FROM `fa_auth_rule`    WHERE  `id` = 105 [ RunTime:0.130447s ]
[ 2019-05-28T22:02:55+08:00 ][ sql ] [ SQL ] DELETE FROM `fa_auth_rule`    WHERE  `id` = 106 [ RunTime:0.077347s ]
[ 2019-05-28T22:02:55+08:00 ][ sql ] [ SQL ] DELETE FROM `fa_auth_rule`    WHERE  `id` = 107 [ RunTime:0.052542s ]
[ 2019-05-28T22:02:55+08:00 ][ sql ] [ SQL ] DELETE FROM `fa_auth_rule`    WHERE  `id` = 108 [ RunTime:0.053607s ]
[ 2019-05-28T22:02:55+08:00 ][ sql ] [ SQL ] DELETE FROM `fa_auth_rule`    WHERE  `id` = 109 [ RunTime:0.052626s ]
[ 2019-05-28T22:03:13+08:00 ][ sql ] [ DB ] CONNECT:[ UseTime:0.004015s ] mysql:host=127.0.0.1;port=3308;dbname=fastadmin;charset=utf8
[ 2019-05-28T22:03:13+08:00 ][ sql ] [ SQL ] SHOW TABLE STATUS LIKE 'conflict' [ RunTime:0.001364s ]
[ 2019-05-28T22:03:13+08:00 ][ sql ] [ SQL ] SHOW TABLE STATUS LIKE 'fa_conflict' [ RunTime:0.001488s ]
[ 2019-05-28T22:03:13+08:00 ][ sql ] [ SQL ] SELECT * FROM `information_schema`.`columns` WHERE TABLE_SCHEMA = 'fastadmin' AND table_name = 'fa_conflict' ORDER BY ORDINAL_POSITION [ RunTime:0.001739s ]
[ 2019-05-28T22:09:54+08:00 ][ sql ] [ DB ] CONNECT:[ UseTime:0.004747s ] mysql:host=127.0.0.1;port=3308;dbname=fastadmin;charset=utf8
[ 2019-05-28T22:09:54+08:00 ][ sql ] [ SQL ] SHOW TABLE STATUS LIKE 'conflict' [ RunTime:0.001186s ]
[ 2019-05-28T22:09:54+08:00 ][ sql ] [ SQL ] SHOW TABLE STATUS LIKE 'fa_conflict' [ RunTime:0.002993s ]
[ 2019-05-28T22:09:54+08:00 ][ sql ] [ SQL ] SELECT * FROM `information_schema`.`columns` WHERE TABLE_SCHEMA = 'fastadmin' AND table_name = 'fa_conflict' ORDER BY ORDINAL_POSITION [ RunTime:0.001600s ]
[ 2019-05-28T22:10:13+08:00 ][ sql ] [ DB ] CONNECT:[ UseTime:0.004164s ] mysql:host=127.0.0.1;port=3308;dbname=fastadmin;charset=utf8
[ 2019-05-28T22:10:13+08:00 ][ sql ] [ SQL ] SHOW TABLE STATUS LIKE 'conflict' [ RunTime:0.001122s ]
[ 2019-05-28T22:10:13+08:00 ][ sql ] [ SQL ] SHOW TABLE STATUS LIKE 'fa_conflict' [ RunTime:0.002579s ]
[ 2019-05-28T22:10:13+08:00 ][ sql ] [ SQL ] SELECT * FROM `information_schema`.`columns` WHERE TABLE_SCHEMA = 'fastadmin' AND table_name = 'fa_conflict' ORDER BY ORDINAL_POSITION [ RunTime:0.001809s ]
[ 2019-05-28T22:10:13+08:00 ][ sql ] [ DB ] CONNECT:[ UseTime:0.003861s ] mysql:host=127.0.0.1;port=3308;dbname=fastadmin;charset=utf8
[ 2019-05-28T22:10:13+08:00 ][ sql ] [ SQL ] SHOW COLUMNS FROM `fa_auth_rule` [ RunTime:0.001355s ]
[ 2019-05-28T22:10:13+08:00 ][ sql ] [ SQL ] SELECT * FROM `fa_auth_rule` WHERE  `name` = 'conflict' LIMIT 1 [ RunTime:0.000951s ]
[ 2019-05-28T22:10:13+08:00 ][ sql ] [ SQL ] SELECT `id` FROM `fa_auth_rule` WHERE  `name` = 'conflict/index' LIMIT 1 [ RunTime:0.000700s ]
[ 2019-05-28T22:10:13+08:00 ][ sql ] [ SQL ] SELECT `id` FROM `fa_auth_rule` WHERE  `name` = 'conflict/add' LIMIT 1 [ RunTime:0.000737s ]
[ 2019-05-28T22:10:13+08:00 ][ sql ] [ SQL ] SELECT `id` FROM `fa_auth_rule` WHERE  `name` = 'conflict/edit' LIMIT 1 [ RunTime:0.000669s ]
[ 2019-05-28T22:10:13+08:00 ][ sql ] [ SQL ] SELECT `id` FROM `fa_auth_rule` WHERE  `name` = 'conflict/del' LIMIT 1 [ RunTime:0.000672s ]
[ 2019-05-28T22:10:13+08:00 ][ sql ] [ SQL ] SELECT `id` FROM `fa_auth_rule` WHERE  `name` = 'conflict/multi' LIMIT 1 [ RunTime:0.000715s ]
[ 2019-05-28T22:10:13+08:00 ][ sql ] [ SQL ] UPDATE `fa_auth_rule`  SET `pid`=110,`name`='conflict/index',`icon`='fa fa-circle-o',`title`='查看',`ismenu`=0,`status`='normal',`updatetime`=1559052613  WHERE  `id` = 111 [ RunTime:0.018363s ]
[ 2019-05-28T22:10:13+08:00 ][ sql ] [ SQL ] UPDATE `fa_auth_rule`  SET `pid`=110,`name`='conflict/add',`icon`='fa fa-circle-o',`title`='添加',`ismenu`=0,`status`='normal',`updatetime`=1559052613  WHERE  `id` = 113 [ RunTime:0.000749s ]
[ 2019-05-28T22:10:13+08:00 ][ sql ] [ SQL ] UPDATE `fa_auth_rule`  SET `pid`=110,`name`='conflict/edit',`icon`='fa fa-circle-o',`title`='编辑',`ismenu`=0,`status`='normal',`updatetime`=1559052613  WHERE  `id` = 114 [ RunTime:0.000970s ]
[ 2019-05-28T22:10:13+08:00 ][ sql ] [ SQL ] UPDATE `fa_auth_rule`  SET `pid`=110,`name`='conflict/del',`icon`='fa fa-circle-o',`title`='删除',`ismenu`=0,`status`='normal',`updatetime`=1559052613  WHERE  `id` = 115 [ RunTime:0.000736s ]
[ 2019-05-28T22:10:13+08:00 ][ sql ] [ SQL ] UPDATE `fa_auth_rule`  SET `pid`=110,`name`='conflict/multi',`icon`='fa fa-circle-o',`title`='批量更新',`ismenu`=0,`status`='normal',`updatetime`=1559052613  WHERE  `id` = 118 [ RunTime:0.000792s ]
