[ 2019-05-29T00:10:27+08:00 ][ sql ] [ DB ] CONNECT:[ UseTime:0.003884s ] mysql:host=127.0.0.1;port=3308;dbname=fastadmin;charset=utf8
[ 2019-05-29T00:10:27+08:00 ][ sql ] [ SQL ] SHOW TABLE STATUS LIKE 'arrest' [ RunTime:0.001214s ]
[ 2019-05-29T00:10:27+08:00 ][ sql ] [ SQL ] SHOW TABLE STATUS LIKE 'fa_arrest' [ RunTime:0.002102s ]
[ 2019-05-29T00:10:34+08:00 ][ sql ] [ DB ] CONNECT:[ UseTime:0.003796s ] mysql:host=127.0.0.1;port=3308;dbname=fastadmin;charset=utf8
[ 2019-05-29T00:10:34+08:00 ][ sql ] [ SQL ] SHOW TABLE STATUS LIKE 'arrest' [ RunTime:0.001415s ]
[ 2019-05-29T00:10:34+08:00 ][ sql ] [ SQL ] SHOW TABLE STATUS LIKE 'fa_arrest' [ RunTime:0.002228s ]
[ 2019-05-29T00:10:43+08:00 ][ sql ] [ DB ] CONNECT:[ UseTime:0.003766s ] mysql:host=127.0.0.1;port=3308;dbname=fastadmin;charset=utf8
[ 2019-05-29T00:10:43+08:00 ][ sql ] [ SQL ] SHOW TABLE STATUS LIKE 'arrest' [ RunTime:0.001464s ]
[ 2019-05-29T00:10:43+08:00 ][ sql ] [ SQL ] SHOW TABLE STATUS LIKE 'fa_arrest' [ RunTime:0.002109s ]
[ 2019-05-29T00:10:43+08:00 ][ sql ] [ SQL ] SELECT * FROM `information_schema`.`columns` WHERE TABLE_SCHEMA = 'fastadmin' AND table_name = 'fa_arrest' ORDER BY ORDINAL_POSITION [ RunTime:0.001647s ]
[ 2019-05-29T00:10:43+08:00 ][ sql ] [ DB ] CONNECT:[ UseTime:0.003516s ] mysql:host=127.0.0.1;port=3308;dbname=fastadmin;charset=utf8
[ 2019-05-29T00:10:43+08:00 ][ sql ] [ SQL ] SHOW COLUMNS FROM `fa_auth_rule` [ RunTime:0.001337s ]
[ 2019-05-29T00:10:43+08:00 ][ sql ] [ SQL ] SELECT * FROM `fa_auth_rule` WHERE  `name` = 'arrest' LIMIT 1 [ RunTime:0.000796s ]
[ 2019-05-29T00:10:43+08:00 ][ sql ] [ SQL ] SELECT `id` FROM `fa_auth_rule` WHERE  `name` = 'arrest/index' LIMIT 1 [ RunTime:0.000712s ]
[ 2019-05-29T00:10:43+08:00 ][ sql ] [ SQL ] SELECT `id` FROM `fa_auth_rule` WHERE  `name` = 'arrest/add' LIMIT 1 [ RunTime:0.000698s ]
[ 2019-05-29T00:10:43+08:00 ][ sql ] [ SQL ] SELECT `id` FROM `fa_auth_rule` WHERE  `name` = 'arrest/edit' LIMIT 1 [ RunTime:0.000819s ]
[ 2019-05-29T00:10:43+08:00 ][ sql ] [ SQL ] SELECT `id` FROM `fa_auth_rule` WHERE  `name` = 'arrest/del' LIMIT 1 [ RunTime:0.000655s ]
[ 2019-05-29T00:10:43+08:00 ][ sql ] [ SQL ] SELECT `id` FROM `fa_auth_rule` WHERE  `name` = 'arrest/multi' LIMIT 1 [ RunTime:0.000655s ]
[ 2019-05-29T00:10:43+08:00 ][ sql ] [ SQL ] UPDATE `fa_auth_rule`  SET `pid`=85,`name`='arrest/index',`icon`='fa fa-circle-o',`title`='查看',`ismenu`=0,`status`='normal',`updatetime`=1559059843  WHERE  `id` = 86 [ RunTime:0.029129s ]
[ 2019-05-29T00:10:43+08:00 ][ sql ] [ SQL ] UPDATE `fa_auth_rule`  SET `pid`=85,`name`='arrest/add',`icon`='fa fa-circle-o',`title`='添加',`ismenu`=0,`status`='normal',`updatetime`=1559059843  WHERE  `id` = 88 [ RunTime:0.001710s ]
[ 2019-05-29T00:10:43+08:00 ][ sql ] [ SQL ] UPDATE `fa_auth_rule`  SET `pid`=85,`name`='arrest/edit',`icon`='fa fa-circle-o',`title`='编辑',`ismenu`=0,`status`='normal',`updatetime`=1559059843  WHERE  `id` = 89 [ RunTime:0.002234s ]
[ 2019-05-29T00:10:43+08:00 ][ sql ] [ SQL ] UPDATE `fa_auth_rule`  SET `pid`=85,`name`='arrest/del',`icon`='fa fa-circle-o',`title`='删除',`ismenu`=0,`status`='normal',`updatetime`=1559059843  WHERE  `id` = 90 [ RunTime:0.001743s ]
[ 2019-05-29T00:10:43+08:00 ][ sql ] [ SQL ] UPDATE `fa_auth_rule`  SET `pid`=85,`name`='arrest/multi',`icon`='fa fa-circle-o',`title`='批量更新',`ismenu`=0,`status`='normal',`updatetime`=1559059843  WHERE  `id` = 93 [ RunTime:0.001713s ]
[ 2019-05-29T16:39:30+08:00 ][ sql ] [ DB ] CONNECT:[ UseTime:0.010454s ] mysql:host=127.0.0.1;port=3308;dbname=fastadmin;charset=utf8
[ 2019-05-29T16:39:30+08:00 ][ sql ] [ SQL ] SELECT 1 [ RunTime:0.001700s ]
[ 2019-05-29T16:39:30+08:00 ][ sql ] [ SQL ] SHOW COLUMNS FROM `fa_auth_rule` [ RunTime:0.003123s ]
[ 2019-05-29T16:39:30+08:00 ][ sql ] [ SQL ] SELECT * FROM `fa_auth_rule` WHERE  `name` = 'example' LIMIT 1 [ RunTime:0.001866s ]
[ 2019-05-29T16:39:30+08:00 ][ sql ] [ SQL ] SELECT `id`,`pid`,`name` FROM `fa_auth_rule` ORDER BY `weigh` DESC [ RunTime:0.002100s ]
[ 2019-05-29T16:39:30+08:00 ][ sql ] [ SQL ] UPDATE `fa_auth_rule`  SET `status`='normal'  WHERE  `id` IN (125,126,127,128,129,130,131,132,133,134,135,136,137,138,139,140,141,142,143,144,145,146,147,148,149,150,151,152,153,154,155,156,157,158,159,160,161,162,163,164) [ RunTime:0.094261s ]
[ 2019-05-29T19:07:10+08:00 ][ sql ] [ DB ] CONNECT:[ UseTime:0.003757s ] mysql:host=127.0.0.1;port=3308;dbname=fastadmin;charset=utf8
[ 2019-05-29T19:07:10+08:00 ][ sql ] [ SQL ] SHOW TABLE STATUS LIKE 'dispute' [ RunTime:0.001468s ]
[ 2019-05-29T19:07:10+08:00 ][ sql ] [ SQL ] SHOW TABLE STATUS LIKE 'fa_dispute' [ RunTime:0.002361s ]
[ 2019-05-29T19:07:10+08:00 ][ sql ] [ SQL ] SELECT * FROM `information_schema`.`columns` WHERE TABLE_SCHEMA = 'fastadmin' AND table_name = 'fa_dispute' ORDER BY ORDINAL_POSITION [ RunTime:0.004003s ]
[ 2019-05-29T19:07:11+08:00 ][ sql ] [ DB ] CONNECT:[ UseTime:0.003717s ] mysql:host=127.0.0.1;port=3308;dbname=fastadmin;charset=utf8
[ 2019-05-29T19:07:11+08:00 ][ sql ] [ SQL ] SHOW COLUMNS FROM `fa_auth_rule` [ RunTime:0.001799s ]
[ 2019-05-29T19:07:11+08:00 ][ sql ] [ SQL ] SELECT * FROM `fa_auth_rule` WHERE  `name` = 'dispute' LIMIT 1 [ RunTime:0.000935s ]
[ 2019-05-29T19:07:11+08:00 ][ sql ] [ SQL ] INSERT INTO `fa_auth_rule` (`pid` , `name` , `title` , `icon` , `remark` , `ismenu` , `status` , `createtime` , `updatetime`) VALUES (0 , 'dispute' , '测试管理' , 'fa fa-circle-o' , '' , 1 , 'normal' , 1559128031 , 1559128031) [ RunTime:0.112125s ]
[ 2019-05-29T19:07:11+08:00 ][ sql ] [ SQL ] SELECT `id` FROM `fa_auth_rule` WHERE  `name` = 'dispute/index' LIMIT 1 [ RunTime:0.001699s ]
[ 2019-05-29T19:07:11+08:00 ][ sql ] [ SQL ] SELECT `id` FROM `fa_auth_rule` WHERE  `name` = 'dispute/add' LIMIT 1 [ RunTime:0.001655s ]
[ 2019-05-29T19:07:11+08:00 ][ sql ] [ SQL ] SELECT `id` FROM `fa_auth_rule` WHERE  `name` = 'dispute/edit' LIMIT 1 [ RunTime:0.001831s ]
[ 2019-05-29T19:07:11+08:00 ][ sql ] [ SQL ] SELECT `id` FROM `fa_auth_rule` WHERE  `name` = 'dispute/del' LIMIT 1 [ RunTime:0.001884s ]
[ 2019-05-29T19:07:11+08:00 ][ sql ] [ SQL ] SELECT `id` FROM `fa_auth_rule` WHERE  `name` = 'dispute/multi' LIMIT 1 [ RunTime:0.001642s ]
[ 2019-05-29T19:07:11+08:00 ][ sql ] [ SQL ] INSERT INTO `fa_auth_rule` (`id` , `pid` , `name` , `icon` , `title` , `ismenu` , `status` , `createtime` , `updatetime`) VALUES (NULL , 165 , 'dispute/index' , 'fa fa-circle-o' , '查看' , 0 , 'normal' , 1559128031 , 1559128031) [ RunTime:0.018164s ]
[ 2019-05-29T19:07:11+08:00 ][ sql ] [ SQL ] INSERT INTO `fa_auth_rule` (`id` , `pid` , `name` , `icon` , `title` , `ismenu` , `status` , `createtime` , `updatetime`) VALUES (NULL , 165 , 'dispute/add' , 'fa fa-circle-o' , '添加' , 0 , 'normal' , 1559128031 , 1559128031) [ RunTime:0.000950s ]
[ 2019-05-29T19:07:11+08:00 ][ sql ] [ SQL ] INSERT INTO `fa_auth_rule` (`id` , `pid` , `name` , `icon` , `title` , `ismenu` , `status` , `createtime` , `updatetime`) VALUES (NULL , 165 , 'dispute/edit' , 'fa fa-circle-o' , '编辑' , 0 , 'normal' , 1559128031 , 1559128031) [ RunTime:0.000982s ]
[ 2019-05-29T19:07:11+08:00 ][ sql ] [ SQL ] INSERT INTO `fa_auth_rule` (`id` , `pid` , `name` , `icon` , `title` , `ismenu` , `status` , `createtime` , `updatetime`) VALUES (NULL , 165 , 'dispute/del' , 'fa fa-circle-o' , '删除' , 0 , 'normal' , 1559128031 , 1559128031) [ RunTime:0.000987s ]
[ 2019-05-29T19:07:11+08:00 ][ sql ] [ SQL ] INSERT INTO `fa_auth_rule` (`id` , `pid` , `name` , `icon` , `title` , `ismenu` , `status` , `createtime` , `updatetime`) VALUES (NULL , 165 , 'dispute/multi' , 'fa fa-circle-o' , '批量更新' , 0 , 'normal' , 1559128031 , 1559128031) [ RunTime:0.000987s ]
