[ 2019-05-30T11:49:42+08:00 ][ sql ] [ DB ] CONNECT:[ UseTime:0.003813s ] mysql:host=127.0.0.1;port=3308;dbname=fastadmin;charset=utf8
[ 2019-05-30T11:49:42+08:00 ][ sql ] [ SQL ] SHOW TABLE STATUS LIKE 'conflict' [ RunTime:0.001402s ]
[ 2019-05-30T11:49:42+08:00 ][ sql ] [ SQL ] SHOW TABLE STATUS LIKE 'fa_conflict' [ RunTime:0.003410s ]
[ 2019-05-30T11:50:34+08:00 ][ sql ] [ DB ] CONNECT:[ UseTime:0.004998s ] mysql:host=127.0.0.1;port=3308;dbname=fastadmin;charset=utf8
[ 2019-05-30T11:50:34+08:00 ][ sql ] [ SQL ] SHOW COLUMNS FROM `fa_auth_rule` [ RunTime:0.001699s ]
[ 2019-05-30T11:50:34+08:00 ][ sql ] [ SQL ] SELECT * FROM `fa_auth_rule` WHERE  (  `name` LIKE 'conflict%' ) [ RunTime:0.015975s ]
[ 2019-05-30T11:50:36+08:00 ][ sql ] [ SQL ] SELECT * FROM `fa_auth_rule` WHERE  `id` IN (110,113,115,116,114,111,118,112,117) [ RunTime:0.001069s ]
[ 2019-05-30T11:50:36+08:00 ][ sql ] [ SQL ] DELETE FROM `fa_auth_rule`    WHERE  `id` = 110 [ RunTime:0.151267s ]
[ 2019-05-30T11:50:36+08:00 ][ sql ] [ SQL ] DELETE FROM `fa_auth_rule`    WHERE  `id` = 111 [ RunTime:0.040391s ]
[ 2019-05-30T11:50:36+08:00 ][ sql ] [ SQL ] DELETE FROM `fa_auth_rule`    WHERE  `id` = 112 [ RunTime:0.075705s ]
[ 2019-05-30T11:50:36+08:00 ][ sql ] [ SQL ] DELETE FROM `fa_auth_rule`    WHERE  `id` = 113 [ RunTime:0.052772s ]
[ 2019-05-30T11:50:36+08:00 ][ sql ] [ SQL ] DELETE FROM `fa_auth_rule`    WHERE  `id` = 114 [ RunTime:0.053532s ]
[ 2019-05-30T11:50:36+08:00 ][ sql ] [ SQL ] DELETE FROM `fa_auth_rule`    WHERE  `id` = 115 [ RunTime:0.052326s ]
[ 2019-05-30T11:50:36+08:00 ][ sql ] [ SQL ] DELETE FROM `fa_auth_rule`    WHERE  `id` = 116 [ RunTime:0.076656s ]
[ 2019-05-30T11:50:36+08:00 ][ sql ] [ SQL ] DELETE FROM `fa_auth_rule`    WHERE  `id` = 117 [ RunTime:0.141835s ]
[ 2019-05-30T11:50:36+08:00 ][ sql ] [ SQL ] DELETE FROM `fa_auth_rule`    WHERE  `id` = 118 [ RunTime:0.063244s ]
[ 2019-05-30T16:28:12+08:00 ][ sql ] [ DB ] CONNECT:[ UseTime:0.004025s ] mysql:host=127.0.0.1;port=3308;dbname=fastadmin;charset=utf8
[ 2019-05-30T16:28:12+08:00 ][ sql ] [ SQL ] SHOW TABLE STATUS LIKE 'arrest2' [ RunTime:0.001389s ]
[ 2019-05-30T16:28:12+08:00 ][ sql ] [ SQL ] SHOW TABLE STATUS LIKE 'fa_arrest2' [ RunTime:0.002244s ]
[ 2019-05-30T16:28:12+08:00 ][ sql ] [ SQL ] SELECT * FROM `information_schema`.`columns` WHERE TABLE_SCHEMA = 'fastadmin' AND table_name = 'fa_arrest2' ORDER BY ORDINAL_POSITION [ RunTime:0.001626s ]
[ 2019-05-30T16:28:12+08:00 ][ sql ] [ DB ] CONNECT:[ UseTime:0.003738s ] mysql:host=127.0.0.1;port=3308;dbname=fastadmin;charset=utf8
[ 2019-05-30T16:28:12+08:00 ][ sql ] [ SQL ] SHOW COLUMNS FROM `fa_auth_rule` [ RunTime:0.001357s ]
[ 2019-05-30T16:28:12+08:00 ][ sql ] [ SQL ] SELECT * FROM `fa_auth_rule` WHERE  `name` = 'arrest2' LIMIT 1 [ RunTime:0.000793s ]
[ 2019-05-30T16:28:12+08:00 ][ sql ] [ SQL ] INSERT INTO `fa_auth_rule` (`pid` , `name` , `title` , `icon` , `remark` , `ismenu` , `status` , `createtime` , `updatetime`) VALUES (0 , 'arrest2' , '测试管理' , 'fa fa-circle-o' , '' , 1 , 'normal' , 1559204892 , 1559204892) [ RunTime:0.087027s ]
[ 2019-05-30T16:28:12+08:00 ][ sql ] [ SQL ] SELECT `id` FROM `fa_auth_rule` WHERE  `name` = 'arrest2/index' LIMIT 1 [ RunTime:0.000866s ]
[ 2019-05-30T16:28:12+08:00 ][ sql ] [ SQL ] SELECT `id` FROM `fa_auth_rule` WHERE  `name` = 'arrest2/add' LIMIT 1 [ RunTime:0.000616s ]
[ 2019-05-30T16:28:12+08:00 ][ sql ] [ SQL ] SELECT `id` FROM `fa_auth_rule` WHERE  `name` = 'arrest2/edit' LIMIT 1 [ RunTime:0.000595s ]
[ 2019-05-30T16:28:12+08:00 ][ sql ] [ SQL ] SELECT `id` FROM `fa_auth_rule` WHERE  `name` = 'arrest2/del' LIMIT 1 [ RunTime:0.000606s ]
[ 2019-05-30T16:28:12+08:00 ][ sql ] [ SQL ] SELECT `id` FROM `fa_auth_rule` WHERE  `name` = 'arrest2/multi' LIMIT 1 [ RunTime:0.000624s ]
[ 2019-05-30T16:28:12+08:00 ][ sql ] [ SQL ] INSERT INTO `fa_auth_rule` (`id` , `pid` , `name` , `icon` , `title` , `ismenu` , `status` , `createtime` , `updatetime`) VALUES (NULL , 171 , 'arrest2/index' , 'fa fa-circle-o' , '查看' , 0 , 'normal' , 1559204892 , 1559204892) [ RunTime:0.000901s ]
[ 2019-05-30T16:28:12+08:00 ][ sql ] [ SQL ] INSERT INTO `fa_auth_rule` (`id` , `pid` , `name` , `icon` , `title` , `ismenu` , `status` , `createtime` , `updatetime`) VALUES (NULL , 171 , 'arrest2/add' , 'fa fa-circle-o' , '添加' , 0 , 'normal' , 1559204892 , 1559204892) [ RunTime:0.000702s ]
[ 2019-05-30T16:28:12+08:00 ][ sql ] [ SQL ] INSERT INTO `fa_auth_rule` (`id` , `pid` , `name` , `icon` , `title` , `ismenu` , `status` , `createtime` , `updatetime`) VALUES (NULL , 171 , 'arrest2/edit' , 'fa fa-circle-o' , '编辑' , 0 , 'normal' , 1559204892 , 1559204892) [ RunTime:0.000740s ]
[ 2019-05-30T16:28:12+08:00 ][ sql ] [ SQL ] INSERT INTO `fa_auth_rule` (`id` , `pid` , `name` , `icon` , `title` , `ismenu` , `status` , `createtime` , `updatetime`) VALUES (NULL , 171 , 'arrest2/del' , 'fa fa-circle-o' , '删除' , 0 , 'normal' , 1559204892 , 1559204892) [ RunTime:0.000600s ]
[ 2019-05-30T16:28:12+08:00 ][ sql ] [ SQL ] INSERT INTO `fa_auth_rule` (`id` , `pid` , `name` , `icon` , `title` , `ismenu` , `status` , `createtime` , `updatetime`) VALUES (NULL , 171 , 'arrest2/multi' , 'fa fa-circle-o' , '批量更新' , 0 , 'normal' , 1559204892 , 1559204892) [ RunTime:0.000753s ]
[ 2019-05-30T16:52:50+08:00 ][ sql ] [ DB ] CONNECT:[ UseTime:0.003635s ] mysql:host=127.0.0.1;port=3308;dbname=fastadmin;charset=utf8
[ 2019-05-30T16:52:50+08:00 ][ sql ] [ SQL ] SHOW TABLE STATUS LIKE 'arrest2' [ RunTime:0.001242s ]
[ 2019-05-30T16:52:50+08:00 ][ sql ] [ SQL ] SHOW TABLE STATUS LIKE 'fa_arrest2' [ RunTime:0.002357s ]
[ 2019-05-30T16:52:50+08:00 ][ sql ] [ SQL ] SELECT * FROM `information_schema`.`columns` WHERE TABLE_SCHEMA = 'fastadmin' AND table_name = 'fa_arrest2' ORDER BY ORDINAL_POSITION [ RunTime:0.001534s ]
[ 2019-05-30T16:52:51+08:00 ][ sql ] [ DB ] CONNECT:[ UseTime:0.004915s ] mysql:host=127.0.0.1;port=3308;dbname=fastadmin;charset=utf8
[ 2019-05-30T16:52:51+08:00 ][ sql ] [ SQL ] SHOW COLUMNS FROM `fa_auth_rule` [ RunTime:0.001218s ]
[ 2019-05-30T16:52:51+08:00 ][ sql ] [ SQL ] SELECT * FROM `fa_auth_rule` WHERE  `name` = 'arrest2' LIMIT 1 [ RunTime:0.000953s ]
[ 2019-05-30T16:52:51+08:00 ][ sql ] [ SQL ] SELECT `id` FROM `fa_auth_rule` WHERE  `name` = 'arrest2/index' LIMIT 1 [ RunTime:0.000709s ]
[ 2019-05-30T16:52:51+08:00 ][ sql ] [ SQL ] SELECT `id` FROM `fa_auth_rule` WHERE  `name` = 'arrest2/add' LIMIT 1 [ RunTime:0.000745s ]
[ 2019-05-30T16:52:51+08:00 ][ sql ] [ SQL ] SELECT `id` FROM `fa_auth_rule` WHERE  `name` = 'arrest2/edit' LIMIT 1 [ RunTime:0.000658s ]
[ 2019-05-30T16:52:51+08:00 ][ sql ] [ SQL ] SELECT `id` FROM `fa_auth_rule` WHERE  `name` = 'arrest2/del' LIMIT 1 [ RunTime:0.000811s ]
[ 2019-05-30T16:52:51+08:00 ][ sql ] [ SQL ] SELECT `id` FROM `fa_auth_rule` WHERE  `name` = 'arrest2/multi' LIMIT 1 [ RunTime:0.000682s ]
[ 2019-05-30T16:52:51+08:00 ][ sql ] [ SQL ] UPDATE `fa_auth_rule`  SET `pid`=171,`name`='arrest2/index',`icon`='fa fa-circle-o',`title`='查看',`ismenu`=0,`status`='normal',`updatetime`=1559206371  WHERE  `id` = 172 [ RunTime:0.000828s ]
[ 2019-05-30T16:52:51+08:00 ][ sql ] [ SQL ] UPDATE `fa_auth_rule`  SET `pid`=171,`name`='arrest2/add',`icon`='fa fa-circle-o',`title`='添加',`ismenu`=0,`status`='normal',`updatetime`=1559206371  WHERE  `id` = 173 [ RunTime:0.000813s ]
[ 2019-05-30T16:52:51+08:00 ][ sql ] [ SQL ] UPDATE `fa_auth_rule`  SET `pid`=171,`name`='arrest2/edit',`icon`='fa fa-circle-o',`title`='编辑',`ismenu`=0,`status`='normal',`updatetime`=1559206371  WHERE  `id` = 174 [ RunTime:0.000709s ]
[ 2019-05-30T16:52:51+08:00 ][ sql ] [ SQL ] UPDATE `fa_auth_rule`  SET `pid`=171,`name`='arrest2/del',`icon`='fa fa-circle-o',`title`='删除',`ismenu`=0,`status`='normal',`updatetime`=1559206371  WHERE  `id` = 175 [ RunTime:0.000833s ]
[ 2019-05-30T16:52:51+08:00 ][ sql ] [ SQL ] UPDATE `fa_auth_rule`  SET `pid`=171,`name`='arrest2/multi',`icon`='fa fa-circle-o',`title`='批量更新',`ismenu`=0,`status`='normal',`updatetime`=1559206371  WHERE  `id` = 176 [ RunTime:0.000776s ]
[ 2019-05-30T16:53:21+08:00 ][ sql ] [ DB ] CONNECT:[ UseTime:0.003799s ] mysql:host=127.0.0.1;port=3308;dbname=fastadmin;charset=utf8
[ 2019-05-30T16:53:21+08:00 ][ sql ] [ SQL ] SHOW TABLE STATUS LIKE 'arrest2' [ RunTime:0.001348s ]
[ 2019-05-30T16:53:21+08:00 ][ sql ] [ SQL ] SHOW TABLE STATUS LIKE 'fa_arrest2' [ RunTime:0.003007s ]
[ 2019-05-30T16:53:29+08:00 ][ sql ] [ DB ] CONNECT:[ UseTime:0.004155s ] mysql:host=127.0.0.1;port=3308;dbname=fastadmin;charset=utf8
[ 2019-05-30T16:53:29+08:00 ][ sql ] [ SQL ] SHOW TABLE STATUS LIKE 'arrest2' [ RunTime:0.001387s ]
[ 2019-05-30T16:53:29+08:00 ][ sql ] [ SQL ] SHOW TABLE STATUS LIKE 'fa_arrest2' [ RunTime:0.002543s ]
[ 2019-05-30T16:53:29+08:00 ][ sql ] [ SQL ] SELECT * FROM `information_schema`.`columns` WHERE TABLE_SCHEMA = 'fastadmin' AND table_name = 'fa_arrest2' ORDER BY ORDINAL_POSITION [ RunTime:0.001650s ]
[ 2019-05-30T16:53:29+08:00 ][ sql ] [ DB ] CONNECT:[ UseTime:0.004953s ] mysql:host=127.0.0.1;port=3308;dbname=fastadmin;charset=utf8
[ 2019-05-30T16:53:29+08:00 ][ sql ] [ SQL ] SHOW COLUMNS FROM `fa_auth_rule` [ RunTime:0.001393s ]
[ 2019-05-30T16:53:29+08:00 ][ sql ] [ SQL ] SELECT * FROM `fa_auth_rule` WHERE  `name` = 'arrest2' LIMIT 1 [ RunTime:0.000822s ]
[ 2019-05-30T16:53:29+08:00 ][ sql ] [ SQL ] SELECT `id` FROM `fa_auth_rule` WHERE  `name` = 'arrest2/index' LIMIT 1 [ RunTime:0.000832s ]
[ 2019-05-30T16:53:29+08:00 ][ sql ] [ SQL ] SELECT `id` FROM `fa_auth_rule` WHERE  `name` = 'arrest2/add' LIMIT 1 [ RunTime:0.000666s ]
[ 2019-05-30T16:53:29+08:00 ][ sql ] [ SQL ] SELECT `id` FROM `fa_auth_rule` WHERE  `name` = 'arrest2/edit' LIMIT 1 [ RunTime:0.000715s ]
[ 2019-05-30T16:53:29+08:00 ][ sql ] [ SQL ] SELECT `id` FROM `fa_auth_rule` WHERE  `name` = 'arrest2/del' LIMIT 1 [ RunTime:0.001053s ]
[ 2019-05-30T16:53:29+08:00 ][ sql ] [ SQL ] SELECT `id` FROM `fa_auth_rule` WHERE  `name` = 'arrest2/multi' LIMIT 1 [ RunTime:0.000838s ]
[ 2019-05-30T16:53:29+08:00 ][ sql ] [ SQL ] UPDATE `fa_auth_rule`  SET `pid`=171,`name`='arrest2/index',`icon`='fa fa-circle-o',`title`='查看',`ismenu`=0,`status`='normal',`updatetime`=1559206409  WHERE  `id` = 172 [ RunTime:0.000849s ]
[ 2019-05-30T16:53:29+08:00 ][ sql ] [ SQL ] UPDATE `fa_auth_rule`  SET `pid`=171,`name`='arrest2/add',`icon`='fa fa-circle-o',`title`='添加',`ismenu`=0,`status`='normal',`updatetime`=1559206409  WHERE  `id` = 173 [ RunTime:0.000859s ]
[ 2019-05-30T16:53:29+08:00 ][ sql ] [ SQL ] UPDATE `fa_auth_rule`  SET `pid`=171,`name`='arrest2/edit',`icon`='fa fa-circle-o',`title`='编辑',`ismenu`=0,`status`='normal',`updatetime`=1559206409  WHERE  `id` = 174 [ RunTime:0.000813s ]
[ 2019-05-30T16:53:29+08:00 ][ sql ] [ SQL ] UPDATE `fa_auth_rule`  SET `pid`=171,`name`='arrest2/del',`icon`='fa fa-circle-o',`title`='删除',`ismenu`=0,`status`='normal',`updatetime`=1559206409  WHERE  `id` = 175 [ RunTime:0.000796s ]
[ 2019-05-30T16:53:29+08:00 ][ sql ] [ SQL ] UPDATE `fa_auth_rule`  SET `pid`=171,`name`='arrest2/multi',`icon`='fa fa-circle-o',`title`='批量更新',`ismenu`=0,`status`='normal',`updatetime`=1559206409  WHERE  `id` = 176 [ RunTime:0.000758s ]
[ 2019-05-30T16:54:23+08:00 ][ sql ] [ DB ] CONNECT:[ UseTime:0.003779s ] mysql:host=127.0.0.1;port=3308;dbname=fastadmin;charset=utf8
[ 2019-05-30T16:54:23+08:00 ][ sql ] [ SQL ] SHOW TABLE STATUS LIKE 'arrest2' [ RunTime:0.001349s ]
[ 2019-05-30T16:54:23+08:00 ][ sql ] [ SQL ] SHOW TABLE STATUS LIKE 'fa_arrest2' [ RunTime:0.002844s ]
[ 2019-05-30T16:54:27+08:00 ][ sql ] [ DB ] CONNECT:[ UseTime:0.003829s ] mysql:host=127.0.0.1;port=3308;dbname=fastadmin;charset=utf8
[ 2019-05-30T16:54:27+08:00 ][ sql ] [ SQL ] SHOW TABLE STATUS LIKE 'arrest2' [ RunTime:0.001277s ]
[ 2019-05-30T16:54:27+08:00 ][ sql ] [ SQL ] SHOW TABLE STATUS LIKE 'fa_arrest2' [ RunTime:0.002339s ]
[ 2019-05-30T16:54:27+08:00 ][ sql ] [ SQL ] SELECT * FROM `information_schema`.`columns` WHERE TABLE_SCHEMA = 'fastadmin' AND table_name = 'fa_arrest2' ORDER BY ORDINAL_POSITION [ RunTime:0.001778s ]
[ 2019-05-30T16:54:27+08:00 ][ sql ] [ DB ] CONNECT:[ UseTime:0.004991s ] mysql:host=127.0.0.1;port=3308;dbname=fastadmin;charset=utf8
[ 2019-05-30T16:54:27+08:00 ][ sql ] [ SQL ] SHOW COLUMNS FROM `fa_auth_rule` [ RunTime:0.002329s ]
[ 2019-05-30T16:54:27+08:00 ][ sql ] [ SQL ] SELECT * FROM `fa_auth_rule` WHERE  `name` = 'arrest2' LIMIT 1 [ RunTime:0.000883s ]
[ 2019-05-30T16:54:27+08:00 ][ sql ] [ SQL ] SELECT `id` FROM `fa_auth_rule` WHERE  `name` = 'arrest2/index' LIMIT 1 [ RunTime:0.000796s ]
[ 2019-05-30T16:54:27+08:00 ][ sql ] [ SQL ] SELECT `id` FROM `fa_auth_rule` WHERE  `name` = 'arrest2/add' LIMIT 1 [ RunTime:0.000764s ]
[ 2019-05-30T16:54:27+08:00 ][ sql ] [ SQL ] SELECT `id` FROM `fa_auth_rule` WHERE  `name` = 'arrest2/edit' LIMIT 1 [ RunTime:0.000633s ]
[ 2019-05-30T16:54:27+08:00 ][ sql ] [ SQL ] SELECT `id` FROM `fa_auth_rule` WHERE  `name` = 'arrest2/del' LIMIT 1 [ RunTime:0.000697s ]
[ 2019-05-30T16:54:27+08:00 ][ sql ] [ SQL ] SELECT `id` FROM `fa_auth_rule` WHERE  `name` = 'arrest2/multi' LIMIT 1 [ RunTime:0.000691s ]
[ 2019-05-30T16:54:27+08:00 ][ sql ] [ SQL ] UPDATE `fa_auth_rule`  SET `pid`=171,`name`='arrest2/index',`icon`='fa fa-circle-o',`title`='查看',`ismenu`=0,`status`='normal',`updatetime`=1559206467  WHERE  `id` = 172 [ RunTime:0.037591s ]
[ 2019-05-30T16:54:27+08:00 ][ sql ] [ SQL ] UPDATE `fa_auth_rule`  SET `pid`=171,`name`='arrest2/add',`icon`='fa fa-circle-o',`title`='添加',`ismenu`=0,`status`='normal',`updatetime`=1559206467  WHERE  `id` = 173 [ RunTime:0.000721s ]
[ 2019-05-30T16:54:27+08:00 ][ sql ] [ SQL ] UPDATE `fa_auth_rule`  SET `pid`=171,`name`='arrest2/edit',`icon`='fa fa-circle-o',`title`='编辑',`ismenu`=0,`status`='normal',`updatetime`=1559206467  WHERE  `id` = 174 [ RunTime:0.000721s ]
[ 2019-05-30T16:54:27+08:00 ][ sql ] [ SQL ] UPDATE `fa_auth_rule`  SET `pid`=171,`name`='arrest2/del',`icon`='fa fa-circle-o',`title`='删除',`ismenu`=0,`status`='normal',`updatetime`=1559206467  WHERE  `id` = 175 [ RunTime:0.000715s ]
[ 2019-05-30T16:54:27+08:00 ][ sql ] [ SQL ] UPDATE `fa_auth_rule`  SET `pid`=171,`name`='arrest2/multi',`icon`='fa fa-circle-o',`title`='批量更新',`ismenu`=0,`status`='normal',`updatetime`=1559206467  WHERE  `id` = 176 [ RunTime:0.000694s ]
