[ 2019-05-31T10:12:40+08:00 ][ sql ] [ DB ] CONNECT:[ UseTime:0.003769s ] mysql:host=127.0.0.1;port=3308;dbname=fastadmin;charset=utf8
[ 2019-05-31T10:12:40+08:00 ][ sql ] [ SQL ] SHOW TABLE STATUS LIKE 'arrest1' [ RunTime:0.001611s ]
[ 2019-05-31T10:12:40+08:00 ][ sql ] [ SQL ] SHOW TABLE STATUS LIKE 'fa_arrest1' [ RunTime:0.001807s ]
[ 2019-05-31T10:13:00+08:00 ][ sql ] [ DB ] CONNECT:[ UseTime:0.004138s ] mysql:host=127.0.0.1;port=3308;dbname=fastadmin;charset=utf8
[ 2019-05-31T10:13:00+08:00 ][ sql ] [ SQL ] SHOW COLUMNS FROM `fa_auth_rule` [ RunTime:0.001521s ]
[ 2019-05-31T10:13:00+08:00 ][ sql ] [ SQL ] SELECT * FROM `fa_auth_rule` WHERE  (  `name` LIKE 'arrest%' ) [ RunTime:0.001213s ]
[ 2019-05-31T10:13:02+08:00 ][ sql ] [ SQL ] SELECT * FROM `fa_auth_rule` WHERE  `id` IN (85,88,90,91,89,86,93,87,92,119,121,123,122,120,124,171,173,175,174,172,176) [ RunTime:0.001584s ]
[ 2019-05-31T10:13:02+08:00 ][ sql ] [ SQL ] DELETE FROM `fa_auth_rule`    WHERE  `id` = 85 [ RunTime:0.120837s ]
[ 2019-05-31T10:13:02+08:00 ][ sql ] [ SQL ] DELETE FROM `fa_auth_rule`    WHERE  `id` = 86 [ RunTime:0.075450s ]
[ 2019-05-31T10:13:02+08:00 ][ sql ] [ SQL ] DELETE FROM `fa_auth_rule`    WHERE  `id` = 87 [ RunTime:0.087775s ]
[ 2019-05-31T10:13:02+08:00 ][ sql ] [ SQL ] DELETE FROM `fa_auth_rule`    WHERE  `id` = 88 [ RunTime:0.121354s ]
[ 2019-05-31T10:13:02+08:00 ][ sql ] [ SQL ] DELETE FROM `fa_auth_rule`    WHERE  `id` = 89 [ RunTime:0.051686s ]
[ 2019-05-31T10:13:02+08:00 ][ sql ] [ SQL ] DELETE FROM `fa_auth_rule`    WHERE  `id` = 90 [ RunTime:0.054062s ]
[ 2019-05-31T10:13:02+08:00 ][ sql ] [ SQL ] DELETE FROM `fa_auth_rule`    WHERE  `id` = 91 [ RunTime:0.052320s ]
[ 2019-05-31T10:13:02+08:00 ][ sql ] [ SQL ] DELETE FROM `fa_auth_rule`    WHERE  `id` = 92 [ RunTime:0.143456s ]
[ 2019-05-31T10:13:03+08:00 ][ sql ] [ SQL ] DELETE FROM `fa_auth_rule`    WHERE  `id` = 93 [ RunTime:0.089975s ]
[ 2019-05-31T10:13:03+08:00 ][ sql ] [ SQL ] DELETE FROM `fa_auth_rule`    WHERE  `id` = 119 [ RunTime:0.159094s ]
[ 2019-05-31T10:13:03+08:00 ][ sql ] [ SQL ] DELETE FROM `fa_auth_rule`    WHERE  `id` = 120 [ RunTime:0.164330s ]
[ 2019-05-31T10:13:03+08:00 ][ sql ] [ SQL ] DELETE FROM `fa_auth_rule`    WHERE  `id` = 121 [ RunTime:0.140993s ]
[ 2019-05-31T10:13:03+08:00 ][ sql ] [ SQL ] DELETE FROM `fa_auth_rule`    WHERE  `id` = 122 [ RunTime:0.077714s ]
[ 2019-05-31T10:13:03+08:00 ][ sql ] [ SQL ] DELETE FROM `fa_auth_rule`    WHERE  `id` = 123 [ RunTime:0.074303s ]
[ 2019-05-31T10:13:03+08:00 ][ sql ] [ SQL ] DELETE FROM `fa_auth_rule`    WHERE  `id` = 124 [ RunTime:0.055013s ]
[ 2019-05-31T10:13:03+08:00 ][ sql ] [ SQL ] DELETE FROM `fa_auth_rule`    WHERE  `id` = 171 [ RunTime:0.063469s ]
[ 2019-05-31T10:13:03+08:00 ][ sql ] [ SQL ] DELETE FROM `fa_auth_rule`    WHERE  `id` = 172 [ RunTime:0.053535s ]
[ 2019-05-31T10:13:03+08:00 ][ sql ] [ SQL ] DELETE FROM `fa_auth_rule`    WHERE  `id` = 173 [ RunTime:0.062385s ]
[ 2019-05-31T10:13:03+08:00 ][ sql ] [ SQL ] DELETE FROM `fa_auth_rule`    WHERE  `id` = 174 [ RunTime:0.054593s ]
[ 2019-05-31T10:13:04+08:00 ][ sql ] [ SQL ] DELETE FROM `fa_auth_rule`    WHERE  `id` = 175 [ RunTime:0.063325s ]
[ 2019-05-31T10:13:04+08:00 ][ sql ] [ SQL ] DELETE FROM `fa_auth_rule`    WHERE  `id` = 176 [ RunTime:0.052613s ]
[ 2019-05-31T13:01:45+08:00 ][ sql ] [ DB ] CONNECT:[ UseTime:0.004290s ] mysql:host=127.0.0.1;port=3308;dbname=fastadmin;charset=utf8
[ 2019-05-31T13:01:45+08:00 ][ sql ] [ SQL ] SHOW TABLE STATUS LIKE 'maodun' [ RunTime:0.001463s ]
[ 2019-05-31T13:01:45+08:00 ][ sql ] [ SQL ] SHOW TABLE STATUS LIKE 'fa_maodun' [ RunTime:0.002374s ]
[ 2019-05-31T13:01:45+08:00 ][ sql ] [ SQL ] SELECT * FROM `information_schema`.`columns` WHERE TABLE_SCHEMA = 'fastadmin' AND table_name = 'fa_maodun' ORDER BY ORDINAL_POSITION [ RunTime:0.001717s ]
[ 2019-05-31T13:01:45+08:00 ][ sql ] [ DB ] CONNECT:[ UseTime:0.003863s ] mysql:host=127.0.0.1;port=3308;dbname=fastadmin;charset=utf8
[ 2019-05-31T13:01:45+08:00 ][ sql ] [ SQL ] SHOW COLUMNS FROM `fa_auth_rule` [ RunTime:0.001473s ]
[ 2019-05-31T13:01:45+08:00 ][ sql ] [ SQL ] SELECT * FROM `fa_auth_rule` WHERE  `name` = 'maodun' LIMIT 1 [ RunTime:0.020468s ]
[ 2019-05-31T13:01:45+08:00 ][ sql ] [ SQL ] INSERT INTO `fa_auth_rule` (`pid` , `name` , `title` , `icon` , `remark` , `ismenu` , `status` , `createtime` , `updatetime`) VALUES (0 , 'maodun' , '测试管理' , 'fa fa-circle-o' , '' , 1 , 'normal' , 1559278905 , 1559278905) [ RunTime:0.232581s ]
[ 2019-05-31T13:01:45+08:00 ][ sql ] [ SQL ] SELECT `id` FROM `fa_auth_rule` WHERE  `name` = 'maodun/index' LIMIT 1 [ RunTime:0.001618s ]
[ 2019-05-31T13:01:45+08:00 ][ sql ] [ SQL ] SELECT `id` FROM `fa_auth_rule` WHERE  `name` = 'maodun/add' LIMIT 1 [ RunTime:0.001838s ]
[ 2019-05-31T13:01:45+08:00 ][ sql ] [ SQL ] SELECT `id` FROM `fa_auth_rule` WHERE  `name` = 'maodun/edit' LIMIT 1 [ RunTime:0.001616s ]
[ 2019-05-31T13:01:45+08:00 ][ sql ] [ SQL ] SELECT `id` FROM `fa_auth_rule` WHERE  `name` = 'maodun/del' LIMIT 1 [ RunTime:0.001592s ]
[ 2019-05-31T13:01:45+08:00 ][ sql ] [ SQL ] SELECT `id` FROM `fa_auth_rule` WHERE  `name` = 'maodun/multi' LIMIT 1 [ RunTime:0.001773s ]
[ 2019-05-31T13:01:46+08:00 ][ sql ] [ SQL ] INSERT INTO `fa_auth_rule` (`id` , `pid` , `name` , `icon` , `title` , `ismenu` , `status` , `createtime` , `updatetime`) VALUES (NULL , 183 , 'maodun/index' , 'fa fa-circle-o' , '查看' , 0 , 'normal' , 1559278905 , 1559278905) [ RunTime:0.021773s ]
[ 2019-05-31T13:01:46+08:00 ][ sql ] [ SQL ] INSERT INTO `fa_auth_rule` (`id` , `pid` , `name` , `icon` , `title` , `ismenu` , `status` , `createtime` , `updatetime`) VALUES (NULL , 183 , 'maodun/add' , 'fa fa-circle-o' , '添加' , 0 , 'normal' , 1559278906 , 1559278906) [ RunTime:0.001116s ]
[ 2019-05-31T13:01:46+08:00 ][ sql ] [ SQL ] INSERT INTO `fa_auth_rule` (`id` , `pid` , `name` , `icon` , `title` , `ismenu` , `status` , `createtime` , `updatetime`) VALUES (NULL , 183 , 'maodun/edit' , 'fa fa-circle-o' , '编辑' , 0 , 'normal' , 1559278906 , 1559278906) [ RunTime:0.001057s ]
[ 2019-05-31T13:01:46+08:00 ][ sql ] [ SQL ] INSERT INTO `fa_auth_rule` (`id` , `pid` , `name` , `icon` , `title` , `ismenu` , `status` , `createtime` , `updatetime`) VALUES (NULL , 183 , 'maodun/del' , 'fa fa-circle-o' , '删除' , 0 , 'normal' , 1559278906 , 1559278906) [ RunTime:0.001329s ]
[ 2019-05-31T13:01:46+08:00 ][ sql ] [ SQL ] INSERT INTO `fa_auth_rule` (`id` , `pid` , `name` , `icon` , `title` , `ismenu` , `status` , `createtime` , `updatetime`) VALUES (NULL , 183 , 'maodun/multi' , 'fa fa-circle-o' , '批量更新' , 0 , 'normal' , 1559278906 , 1559278906) [ RunTime:0.001134s ]
